#
# A fatal error has been detected by the Java Runtime Environment:
#
#  Internal Error (javaClasses.cpp:129), pid=4923, tid=3063106368
#  fatal error: Invalid layout of preloaded class
#
# JRE version: 7.0_10-b18
# Java VM: Java HotSpot(TM) Server VM (23.6-b04 mixed mode linux-x86 )
# Failed to write core dump. Core dumps have been disabled. To enable core dumping, try "ulimit -c unlimited" before starting Java again
#
# If you would like to submit a bug report, please visit:
#   http://bugreport.sun.com/bugreport/crash.jsp
#

---------------  T H R E A D  ---------------

Current thread (0xb6706800):  JavaThread "Unknown thread" [_thread_in_vm, id=4929, stack(0xb68e4000,0xb6935000)]

Stack: [0xb68e4000,0xb6935000],  sp=0xb6933d90,  free space=319k
Native frames: (J=compiled Java code, j=interpreted, Vv=VM code, C=native code)
V  [libjvm.so+0x720369]  VMError::report_and_die()+0x199
V  [libjvm.so+0x2e8d1c]  report_fatal(char const*, int, char const*)+0x4c
V  [libjvm.so+0x416830]  compute_offset(int&, klassOopDesc*, Symbol*, Symbol*, bool)+0x110
V  [libjvm.so+0x41adc4]  java_lang_String::compute_offsets()+0x44
V  [libjvm.so+0x6b5655]  SystemDictionary::initialize_preloaded_classes(Thread*)+0x225
V  [libjvm.so+0x6fd158]  Universe::genesis(Thread*)+0x3f8
V  [libjvm.so+0x6fd5cf]  universe2_init()+0x1f
V  [libjvm.so+0x3dca60]  init_globals()+0xa0
V  [libjvm.so+0x6e4b49]  Threads::create_vm(JavaVMInitArgs*, bool*)+0x1f9
V  [libjvm.so+0x4243ac]  JNI_CreateJavaVM+0x5c
C  [libjli.so+0x2668]  JavaMain+0x98
C  [libpthread.so.0+0x6d78]  start_thread+0xd8


---------------  P R O C E S S  ---------------

Java Threads: ( => current thread )

Other Threads:

=>0xb6706800 (exited) JavaThread "Unknown thread" [_thread_in_vm, id=4929, stack(0xb68e4000,0xb6935000)]

VM state:not at safepoint (not fully initialized)

VM Mutex/Monitor currently owned by a thread: None

GC Heap History (0 events):
No events

Deoptimization events (0 events):
No events

Internal exceptions (0 events):
No events

Events (10 events):
Event: 0.079 loading class 0xb6731730 done
Event: 0.079 loading class 0xb6731070 done
Event: 0.079 loading class 0xb6731048
Event: 0.080 loading class 0xb6751500
Event: 0.080 loading class 0xb6751500 done
Event: 0.080 loading class 0xb6751538
Event: 0.080 loading class 0xb6751538 done
Event: 0.080 loading class 0xb6751570
Event: 0.080 loading class 0xb6751570 done
Event: 0.080 loading class 0xb6731048 done


Dynamic libraries:
08048000-08049000 r-xp 00000000 08:06 545329     /usr/local/java/jre1.7.0_10/bin/java
08049000-0804a000 rw-p 00000000 08:06 545329     /usr/local/java/jre1.7.0_10/bin/java
08715000-08736000 rw-p 00000000 00:00 0          [heap]
81c68000-81e3c000 rw-p 00000000 00:00 0 
81e3c000-81f13000 r--s 013f2000 08:06 2117262    /home/jpdarago/Documents/SegInf/sdk/platforms/android-19/android.jar
81f13000-83e00000 rw-p 00000000 00:00 0 
83e00000-83e21000 rw-p 00000000 00:00 0 
83e21000-83f00000 ---p 00000000 00:00 0 
83f7f000-83f80000 ---p 00000000 00:00 0 
83f80000-84000000 rw-p 00000000 00:00 0          [stack:4931]
84000000-84021000 rw-p 00000000 00:00 0 
84021000-84100000 ---p 00000000 00:00 0 
8415f000-84160000 ---p 00000000 00:00 0 
84160000-841ef000 rw-p 00000000 00:00 0          [stack:4930]
841ef000-842c6000 rw-p 00000000 00:00 0 
842c6000-842ce000 rw-p 00000000 00:00 0 
842ce000-842e6000 rw-p 00000000 00:00 0 
842e6000-842f5000 rw-p 00000000 00:00 0 
842f5000-843cc000 rw-p 00000000 00:00 0 
843cc000-843d4000 rw-p 00000000 00:00 0 
843d4000-8443f000 rw-p 00000000 00:00 0 
8443f000-85440000 rw-p 00000000 00:00 0 
85440000-88440000 rw-p 00000000 00:00 0 
88440000-8a100000 rw-p 00000000 00:00 0 
8a100000-a5040000 rw-p 00000000 00:00 0 
a5040000-a5ea0000 rw-p 00000000 00:00 0 
a5ea0000-b3640000 rw-p 00000000 00:00 0 
b3640000-b3649000 rw-p 00000000 00:00 0 
b3649000-b3700000 rw-p 00000000 00:00 0 
b3700000-b3940000 rwxp 00000000 00:00 0 
b3940000-b6763000 rw-p 00000000 00:00 0 
b6763000-b6800000 ---p 00000000 00:00 0 
b6827000-b6856000 rw-p 00000000 00:00 0 
b6856000-b686e000 rw-p 00000000 00:00 0 
b686e000-b6879000 r-xp 00000000 08:06 5916857    /lib/i386-linux-gnu/libnss_files-2.17.so
b6879000-b687a000 r--p 0000a000 08:06 5916857    /lib/i386-linux-gnu/libnss_files-2.17.so
b687a000-b687b000 rw-p 0000b000 08:06 5916857    /lib/i386-linux-gnu/libnss_files-2.17.so
b687b000-b6890000 r-xp 00000000 08:06 5916854    /lib/i386-linux-gnu/libnsl-2.17.so
b6890000-b6891000 r--p 00014000 08:06 5916854    /lib/i386-linux-gnu/libnsl-2.17.so
b6891000-b6892000 rw-p 00015000 08:06 5916854    /lib/i386-linux-gnu/libnsl-2.17.so
b6892000-b6897000 rw-p 00000000 00:00 0 
b6897000-b68ae000 r-xp 00000000 08:06 1198459    /usr/local/java/jre1.7.0_10/lib/i386/libzip.so
b68ae000-b68af000 rw-p 00017000 08:06 1198459    /usr/local/java/jre1.7.0_10/lib/i386/libzip.so
b68af000-b68b7000 rw-s 00000000 08:06 2518439    /tmp/hsperfdata_jpdarago/4923
b68b7000-b68da000 r-xp 00000000 08:06 1198422    /usr/local/java/jre1.7.0_10/lib/i386/libjava.so
b68da000-b68db000 rw-p 00023000 08:06 1198422    /usr/local/java/jre1.7.0_10/lib/i386/libjava.so
b68db000-b68e2000 r-xp 00000000 08:06 5916867    /lib/i386-linux-gnu/librt-2.17.so
b68e2000-b68e3000 r--p 00006000 08:06 5916867    /lib/i386-linux-gnu/librt-2.17.so
b68e3000-b68e4000 rw-p 00007000 08:06 5916867    /lib/i386-linux-gnu/librt-2.17.so
b68e4000-b68e7000 ---p 00000000 00:00 0 
b68e7000-b6935000 rw-p 00000000 00:00 0          [stack:4929]
b6935000-b6976000 r-xp 00000000 08:06 5916864    /lib/i386-linux-gnu/libm-2.17.so
b6976000-b6977000 r--p 00040000 08:06 5916864    /lib/i386-linux-gnu/libm-2.17.so
b6977000-b6978000 rw-p 00041000 08:06 5916864    /lib/i386-linux-gnu/libm-2.17.so
b6978000-b7131000 r-xp 00000000 08:06 1198458    /usr/local/java/jre1.7.0_10/lib/i386/server/libjvm.so
b7131000-b7183000 rw-p 007b9000 08:06 1198458    /usr/local/java/jre1.7.0_10/lib/i386/server/libjvm.so
b7183000-b75a6000 rw-p 00000000 00:00 0 
b75a6000-b7754000 r-xp 00000000 08:06 5916865    /lib/i386-linux-gnu/libc-2.17.so
b7754000-b7756000 r--p 001ae000 08:06 5916865    /lib/i386-linux-gnu/libc-2.17.so
b7756000-b7757000 rw-p 001b0000 08:06 5916865    /lib/i386-linux-gnu/libc-2.17.so
b7757000-b775a000 rw-p 00000000 00:00 0 
b775a000-b775d000 r-xp 00000000 08:06 5916870    /lib/i386-linux-gnu/libdl-2.17.so
b775d000-b775e000 r--p 00002000 08:06 5916870    /lib/i386-linux-gnu/libdl-2.17.so
b775e000-b775f000 rw-p 00003000 08:06 5916870    /lib/i386-linux-gnu/libdl-2.17.so
b775f000-b7772000 r-xp 00000000 08:06 1198426    /usr/local/java/jre1.7.0_10/lib/i386/jli/libjli.so
b7772000-b7773000 rw-p 00012000 08:06 1198426    /usr/local/java/jre1.7.0_10/lib/i386/jli/libjli.so
b7773000-b7774000 rw-p 00000000 00:00 0 
b7774000-b778b000 r-xp 00000000 08:06 5916863    /lib/i386-linux-gnu/libpthread-2.17.so
b778b000-b778c000 r--p 00016000 08:06 5916863    /lib/i386-linux-gnu/libpthread-2.17.so
b778c000-b778d000 rw-p 00017000 08:06 5916863    /lib/i386-linux-gnu/libpthread-2.17.so
b778d000-b778f000 rw-p 00000000 00:00 0 
b778f000-b7799000 r-xp 00000000 08:06 5916868    /lib/i386-linux-gnu/libnss_nis-2.17.so
b7799000-b779a000 r--p 00009000 08:06 5916868    /lib/i386-linux-gnu/libnss_nis-2.17.so
b779a000-b779b000 rw-p 0000a000 08:06 5916868    /lib/i386-linux-gnu/libnss_nis-2.17.so
b779b000-b77a2000 r-xp 00000000 08:06 5916858    /lib/i386-linux-gnu/libnss_compat-2.17.so
b77a2000-b77a3000 r--p 00006000 08:06 5916858    /lib/i386-linux-gnu/libnss_compat-2.17.so
b77a3000-b77a4000 rw-p 00007000 08:06 5916858    /lib/i386-linux-gnu/libnss_compat-2.17.so
b77a4000-b77a5000 rw-p 00000000 00:00 0 
b77a5000-b77a6000 r--p 00000000 00:00 0 
b77a6000-b77b1000 r-xp 00000000 08:06 1198404    /usr/local/java/jre1.7.0_10/lib/i386/libverify.so
b77b1000-b77b2000 rw-p 0000b000 08:06 1198404    /usr/local/java/jre1.7.0_10/lib/i386/libverify.so
b77b2000-b77b4000 rw-p 00000000 00:00 0 
b77b4000-b77b5000 r-xp 00000000 00:00 0          [vdso]
b77b5000-b77d5000 r-xp 00000000 08:06 5916866    /lib/i386-linux-gnu/ld-2.17.so
b77d5000-b77d6000 r--p 0001f000 08:06 5916866    /lib/i386-linux-gnu/ld-2.17.so
b77d6000-b77d7000 rw-p 00020000 08:06 5916866    /lib/i386-linux-gnu/ld-2.17.so
bf8c0000-bf8e1000 rw-p 00000000 00:00 0          [stack]

VM Arguments:
jvm_args: -Dfile.encoding=UTF-8 -Xbootclasspath:/home/jpdarago/Documents/SegInf/sdk/platforms/android-19/android.jar 
java_command: com.seginf.supersafeapp.RansomwareHandler
Launcher Type: SUN_STANDARD

Environment Variables:
JAVA_HOME=/usr/local/java/jdk1.7.0_10
JRE_HOME=/usr/local/java/jre1.7.0_10
PATH=/home/jpdarago/IntelliJ/bin:/home/jpdarago/bochs/bin:/home/jpdarago/bin:/usr/lib/lightdm/lightdm:/usr/local/sbin:/usr/local/bin:/usr/sbin:/usr/bin:/sbin:/bin:/usr/games:/usr/local/games:/home/jpdarago/bin:/usr/local/java/jdk1.7.0_10/bin:/home/jpdarago/bin:/usr/local/java/jre1.7.0_10/bin:/home/jpdarago/bochs/bin:/home/jpdarago/bin:/usr/lib/lightdm/lightdm:/usr/local/sbin:/usr/local/bin:/usr/sbin:/usr/bin:/sbin:/bin:/usr/games:/usr/local/games:/home/jpdarago/bin:/usr/local/java/jdk1.7.0_10/bin:/home/jpdarago/bin:/usr/local/java/jre1.7.0_10/bin:/usr/local/go/bin:/home/jpdarago/gocode/bin
LD_LIBRARY_PATH=/usr/local/java/jre1.7.0_10/lib/i386/server:/usr/local/java/jre1.7.0_10/lib/i386:/usr/local/java/jre1.7.0_10/../lib/i386:/usr/local/java/jre1.7.0_10/lib/i386/client:/usr/local/java/jre1.7.0_10/lib/i386:
SHELL=/usr/bin/zsh
DISPLAY=:0

Signal Handlers:
SIGSEGV: [libjvm.so+0x720eb0], sa_mask[0]=0x7ffbfeff, sa_flags=0x10000004
SIGBUS: [libjvm.so+0x720eb0], sa_mask[0]=0x7ffbfeff, sa_flags=0x10000004
SIGFPE: [libjvm.so+0x5d9d00], sa_mask[0]=0x7ffbfeff, sa_flags=0x10000004
SIGPIPE: [libjvm.so+0x5d9d00], sa_mask[0]=0x7ffbfeff, sa_flags=0x10000004
SIGXFSZ: [libjvm.so+0x5d9d00], sa_mask[0]=0x7ffbfeff, sa_flags=0x10000004
SIGILL: [libjvm.so+0x5d9d00], sa_mask[0]=0x7ffbfeff, sa_flags=0x10000004
SIGUSR1: SIG_DFL, sa_mask[0]=0x00000000, sa_flags=0x00000000
SIGUSR2: [libjvm.so+0x5d95e0], sa_mask[0]=0x00000004, sa_flags=0x10000004
SIGHUP: SIG_DFL, sa_mask[0]=0x00000000, sa_flags=0x00000000
SIGINT: SIG_DFL, sa_mask[0]=0x00000000, sa_flags=0x00000000
SIGTERM: SIG_DFL, sa_mask[0]=0x00000000, sa_flags=0x00000000
SIGQUIT: SIG_DFL, sa_mask[0]=0x00000000, sa_flags=0x00000000


---------------  S Y S T E M  ---------------

OS:wheezy/sid

uname:Linux 3.8.0-33-generic #48-Ubuntu SMP Wed Oct 23 17:26:34 UTC 2013 i686
libc:glibc 2.17 NPTL 2.17 
rlimit: STACK 8192k, CORE 0k, NPROC 21946, NOFILE 4096, AS infinity
load average:0.26 0.26 0.36

/proc/meminfo:
MemTotal:        2825704 kB
MemFree:          189392 kB
Buffers:          140332 kB
Cached:           820148 kB
SwapCached:            0 kB
Active:          1523256 kB
Inactive:         936592 kB
Active(anon):    1132028 kB
Inactive(anon):   538284 kB
Active(file):     391228 kB
Inactive(file):   398308 kB
Unevictable:          48 kB
Mlocked:              48 kB
HighTotal:       1952256 kB
HighFree:          36332 kB
LowTotal:         873448 kB
LowFree:          153060 kB
SwapTotal:       5723128 kB
SwapFree:        5714176 kB
Dirty:               124 kB
Writeback:             0 kB
AnonPages:       1499544 kB
Mapped:           219076 kB
Shmem:            170880 kB
Slab:             138224 kB
SReclaimable:     119716 kB
SUnreclaim:        18508 kB
KernelStack:        4512 kB
PageTables:        15916 kB
NFS_Unstable:          0 kB
Bounce:                0 kB
WritebackTmp:          0 kB
CommitLimit:     7135980 kB
Committed_AS:    5213700 kB
VmallocTotal:     122880 kB
VmallocUsed:       16172 kB
VmallocChunk:     104364 kB
HardwareCorrupted:     0 kB
AnonHugePages:         0 kB
HugePages_Total:       0
HugePages_Free:        0
HugePages_Rsvd:        0
HugePages_Surp:        0
Hugepagesize:       2048 kB
DirectMap4k:       10232 kB
DirectMap2M:      903168 kB


CPU:total 2 (2 cores per cpu, 1 threads per core) family 6 model 37 stepping 5, cmov, cx8, fxsr, mmx, sse, sse2, sse3, ssse3, popcnt, tsc, tscinvbit

/proc/cpuinfo:
processor	: 0
vendor_id	: GenuineIntel
cpu family	: 6
model		: 37
model name	: Intel(R) Pentium(R) CPU        P6100  @ 2.00GHz
stepping	: 5
microcode	: 0x2
cpu MHz		: 933.000
cache size	: 3072 KB
physical id	: 0
siblings	: 2
core id		: 0
cpu cores	: 2
apicid		: 0
initial apicid	: 0
fdiv_bug	: no
hlt_bug		: no
f00f_bug	: no
coma_bug	: no
fpu		: yes
fpu_exception	: yes
cpuid level	: 11
wp		: yes
flags		: fpu vme de pse tsc msr pae mce cx8 apic sep mtrr pge mca cmov pat pse36 clflush dts acpi mmx fxsr sse sse2 ss ht tm pbe nx rdtscp lm constant_tsc arch_perfmon pebs bts xtopology nonstop_tsc aperfmperf pni dtes64 monitor ds_cpl est tm2 ssse3 cx16 xtpr pdcm pcid popcnt lahf_lm arat dtherm
bogomips	: 3989.97
clflush size	: 64
cache_alignment	: 64
address sizes	: 36 bits physical, 48 bits virtual
power management:

processor	: 1
vendor_id	: GenuineIntel
cpu family	: 6
model		: 37
model name	: Intel(R) Pentium(R) CPU        P6100  @ 2.00GHz
stepping	: 5
microcode	: 0x2
cpu MHz		: 1599.000
cache size	: 3072 KB
physical id	: 0
siblings	: 2
core id		: 2
cpu cores	: 2
apicid		: 4
initial apicid	: 4
fdiv_bug	: no
hlt_bug		: no
f00f_bug	: no
coma_bug	: no
fpu		: yes
fpu_exception	: yes
cpuid level	: 11
wp		: yes
flags		: fpu vme de pse tsc msr pae mce cx8 apic sep mtrr pge mca cmov pat pse36 clflush dts acpi mmx fxsr sse sse2 ss ht tm pbe nx rdtscp lm constant_tsc arch_perfmon pebs bts xtopology nonstop_tsc aperfmperf pni dtes64 monitor ds_cpl est tm2 ssse3 cx16 xtpr pdcm pcid popcnt lahf_lm arat dtherm
bogomips	: 3989.97
clflush size	: 64
cache_alignment	: 64
address sizes	: 36 bits physical, 48 bits virtual
power management:



Memory: 4k page, physical 2825704k(189392k free), swap 5723128k(5714176k free)

vm_info: Java HotSpot(TM) Server VM (23.6-b04) for linux-x86 JRE (1.7.0_10-b18), built on Nov 28 2012 04:28:35 by "java_re" with gcc 4.3.0 20080428 (Red Hat 4.3.0-8)

time: Tue Nov 26 15:58:05 2013
elapsed time: 0 seconds

