#
# A fatal error has been detected by the Java Runtime Environment:
#
#  Internal Error (javaClasses.cpp:129), pid=13834, tid=3062909760
#  fatal error: Invalid layout of preloaded class
#
# JRE version: 7.0_10-b18
# Java VM: Java HotSpot(TM) Server VM (23.6-b04 mixed mode linux-x86 )
# Failed to write core dump. Core dumps have been disabled. To enable core dumping, try "ulimit -c unlimited" before starting Java again
#
# If you would like to submit a bug report, please visit:
#   http://bugreport.sun.com/bugreport/crash.jsp
#

---------------  T H R E A D  ---------------

Current thread (0xb6706c00):  JavaThread "Unknown thread" [_thread_in_vm, id=13840, stack(0xb68b4000,0xb6905000)]

Stack: [0xb68b4000,0xb6905000],  sp=0xb6903d90,  free space=319k
Native frames: (J=compiled Java code, j=interpreted, Vv=VM code, C=native code)
V  [libjvm.so+0x720369]  VMError::report_and_die()+0x199
V  [libjvm.so+0x2e8d1c]  report_fatal(char const*, int, char const*)+0x4c
V  [libjvm.so+0x416830]  compute_offset(int&, klassOopDesc*, Symbol*, Symbol*, bool)+0x110
V  [libjvm.so+0x41adc4]  java_lang_String::compute_offsets()+0x44
V  [libjvm.so+0x6b5655]  SystemDictionary::initialize_preloaded_classes(Thread*)+0x225
V  [libjvm.so+0x6fd158]  Universe::genesis(Thread*)+0x3f8
V  [libjvm.so+0x6fd5cf]  universe2_init()+0x1f
V  [libjvm.so+0x3dca60]  init_globals()+0xa0
V  [libjvm.so+0x6e4b49]  Threads::create_vm(JavaVMInitArgs*, bool*)+0x1f9
V  [libjvm.so+0x4243ac]  JNI_CreateJavaVM+0x5c
C  [libjli.so+0x2668]  JavaMain+0x98
C  [libpthread.so.0+0x6d78]  start_thread+0xd8


---------------  P R O C E S S  ---------------

Java Threads: ( => current thread )

Other Threads:

=>0xb6706c00 (exited) JavaThread "Unknown thread" [_thread_in_vm, id=13840, stack(0xb68b4000,0xb6905000)]

VM state:not at safepoint (not fully initialized)

VM Mutex/Monitor currently owned by a thread: None

GC Heap History (0 events):
No events

Deoptimization events (0 events):
No events

Internal exceptions (0 events):
No events

Events (10 events):
Event: 0.007 loading class 0xb6731a40 done
Event: 0.008 loading class 0xb6731380 done
Event: 0.008 loading class 0xb6731358
Event: 0.008 loading class 0xb6751810
Event: 0.008 loading class 0xb6751810 done
Event: 0.008 loading class 0xb6751848
Event: 0.008 loading class 0xb6751848 done
Event: 0.008 loading class 0xb6751880
Event: 0.008 loading class 0xb6751880 done
Event: 0.008 loading class 0xb6731358 done


Dynamic libraries:
08048000-08049000 r-xp 00000000 08:06 545329     /usr/local/java/jre1.7.0_10/bin/java
08049000-0804a000 rw-p 00000000 08:06 545329     /usr/local/java/jre1.7.0_10/bin/java
092d1000-092f2000 rw-p 00000000 00:00 0          [heap]
81c68000-81e3c000 rw-p 00000000 00:00 0 
81e3c000-81f13000 r--s 013f2000 08:06 2117262    /home/jpdarago/Documents/SegInf/sdk/platforms/android-19/android.jar
81f13000-83e00000 rw-p 00000000 00:00 0 
83e00000-83e21000 rw-p 00000000 00:00 0 
83e21000-83f00000 ---p 00000000 00:00 0 
83f7f000-83f80000 ---p 00000000 00:00 0 
83f80000-84000000 rw-p 00000000 00:00 0          [stack:13842]
84000000-84021000 rw-p 00000000 00:00 0 
84021000-84100000 ---p 00000000 00:00 0 
84138000-8415f000 rw-p 00000000 00:00 0 
8415f000-84160000 ---p 00000000 00:00 0 
84160000-841ef000 rw-p 00000000 00:00 0          [stack:13841]
841ef000-842c6000 rw-p 00000000 00:00 0 
842c6000-842ce000 rw-p 00000000 00:00 0 
842ce000-842e6000 rw-p 00000000 00:00 0 
842e6000-842f5000 rw-p 00000000 00:00 0 
842f5000-843cc000 rw-p 00000000 00:00 0 
843cc000-843d4000 rw-p 00000000 00:00 0 
843d4000-8443f000 rw-p 00000000 00:00 0 
8443f000-85440000 rw-p 00000000 00:00 0 
85440000-88440000 rw-p 00000000 00:00 0 
88440000-8a100000 rw-p 00000000 00:00 0 
8a100000-a5040000 rw-p 00000000 00:00 0 
a5040000-a5ea0000 rw-p 00000000 00:00 0 
a5ea0000-b3640000 rw-p 00000000 00:00 0 
b3640000-b3649000 rw-p 00000000 00:00 0 
b3649000-b3700000 rw-p 00000000 00:00 0 
b3700000-b3940000 rwxp 00000000 00:00 0 
b3940000-b6763000 rw-p 00000000 00:00 0 
b6763000-b6800000 ---p 00000000 00:00 0 
b681e000-b6826000 rw-p 00000000 00:00 0 
b6826000-b683e000 rw-p 00000000 00:00 0 
b683e000-b6849000 r-xp 00000000 08:06 5916857    /lib/i386-linux-gnu/libnss_files-2.17.so
b6849000-b684a000 r--p 0000a000 08:06 5916857    /lib/i386-linux-gnu/libnss_files-2.17.so
b684a000-b684b000 rw-p 0000b000 08:06 5916857    /lib/i386-linux-gnu/libnss_files-2.17.so
b684b000-b6860000 r-xp 00000000 08:06 5916854    /lib/i386-linux-gnu/libnsl-2.17.so
b6860000-b6861000 r--p 00014000 08:06 5916854    /lib/i386-linux-gnu/libnsl-2.17.so
b6861000-b6862000 rw-p 00015000 08:06 5916854    /lib/i386-linux-gnu/libnsl-2.17.so
b6862000-b6867000 rw-p 00000000 00:00 0 
b6867000-b687e000 r-xp 00000000 08:06 1198459    /usr/local/java/jre1.7.0_10/lib/i386/libzip.so
b687e000-b687f000 rw-p 00017000 08:06 1198459    /usr/local/java/jre1.7.0_10/lib/i386/libzip.so
b687f000-b6887000 rw-s 00000000 08:06 2774412    /tmp/hsperfdata_jpdarago/13834
b6887000-b68aa000 r-xp 00000000 08:06 1198422    /usr/local/java/jre1.7.0_10/lib/i386/libjava.so
b68aa000-b68ab000 rw-p 00023000 08:06 1198422    /usr/local/java/jre1.7.0_10/lib/i386/libjava.so
b68ab000-b68b2000 r-xp 00000000 08:06 5916867    /lib/i386-linux-gnu/librt-2.17.so
b68b2000-b68b3000 r--p 00006000 08:06 5916867    /lib/i386-linux-gnu/librt-2.17.so
b68b3000-b68b4000 rw-p 00007000 08:06 5916867    /lib/i386-linux-gnu/librt-2.17.so
b68b4000-b68b7000 ---p 00000000 00:00 0 
b68b7000-b6905000 rw-p 00000000 00:00 0          [stack:13840]
b6905000-b6946000 r-xp 00000000 08:06 5916864    /lib/i386-linux-gnu/libm-2.17.so
b6946000-b6947000 r--p 00040000 08:06 5916864    /lib/i386-linux-gnu/libm-2.17.so
b6947000-b6948000 rw-p 00041000 08:06 5916864    /lib/i386-linux-gnu/libm-2.17.so
b6948000-b7101000 r-xp 00000000 08:06 1198458    /usr/local/java/jre1.7.0_10/lib/i386/server/libjvm.so
b7101000-b7153000 rw-p 007b9000 08:06 1198458    /usr/local/java/jre1.7.0_10/lib/i386/server/libjvm.so
b7153000-b7576000 rw-p 00000000 00:00 0 
b7576000-b7724000 r-xp 00000000 08:06 5916865    /lib/i386-linux-gnu/libc-2.17.so
b7724000-b7726000 r--p 001ae000 08:06 5916865    /lib/i386-linux-gnu/libc-2.17.so
b7726000-b7727000 rw-p 001b0000 08:06 5916865    /lib/i386-linux-gnu/libc-2.17.so
b7727000-b772a000 rw-p 00000000 00:00 0 
b772a000-b772d000 r-xp 00000000 08:06 5916870    /lib/i386-linux-gnu/libdl-2.17.so
b772d000-b772e000 r--p 00002000 08:06 5916870    /lib/i386-linux-gnu/libdl-2.17.so
b772e000-b772f000 rw-p 00003000 08:06 5916870    /lib/i386-linux-gnu/libdl-2.17.so
b772f000-b7742000 r-xp 00000000 08:06 1198426    /usr/local/java/jre1.7.0_10/lib/i386/jli/libjli.so
b7742000-b7743000 rw-p 00012000 08:06 1198426    /usr/local/java/jre1.7.0_10/lib/i386/jli/libjli.so
b7743000-b7744000 rw-p 00000000 00:00 0 
b7744000-b775b000 r-xp 00000000 08:06 5916863    /lib/i386-linux-gnu/libpthread-2.17.so
b775b000-b775c000 r--p 00016000 08:06 5916863    /lib/i386-linux-gnu/libpthread-2.17.so
b775c000-b775d000 rw-p 00017000 08:06 5916863    /lib/i386-linux-gnu/libpthread-2.17.so
b775d000-b775f000 rw-p 00000000 00:00 0 
b775f000-b7769000 r-xp 00000000 08:06 5916868    /lib/i386-linux-gnu/libnss_nis-2.17.so
b7769000-b776a000 r--p 00009000 08:06 5916868    /lib/i386-linux-gnu/libnss_nis-2.17.so
b776a000-b776b000 rw-p 0000a000 08:06 5916868    /lib/i386-linux-gnu/libnss_nis-2.17.so
b776b000-b7772000 r-xp 00000000 08:06 5916858    /lib/i386-linux-gnu/libnss_compat-2.17.so
b7772000-b7773000 r--p 00006000 08:06 5916858    /lib/i386-linux-gnu/libnss_compat-2.17.so
b7773000-b7774000 rw-p 00007000 08:06 5916858    /lib/i386-linux-gnu/libnss_compat-2.17.so
b7774000-b7775000 rw-p 00000000 00:00 0 
b7775000-b7776000 r--p 00000000 00:00 0 
b7776000-b7781000 r-xp 00000000 08:06 1198404    /usr/local/java/jre1.7.0_10/lib/i386/libverify.so
b7781000-b7782000 rw-p 0000b000 08:06 1198404    /usr/local/java/jre1.7.0_10/lib/i386/libverify.so
b7782000-b7784000 rw-p 00000000 00:00 0 
b7784000-b7785000 r-xp 00000000 00:00 0          [vdso]
b7785000-b77a5000 r-xp 00000000 08:06 5916866    /lib/i386-linux-gnu/ld-2.17.so
b77a5000-b77a6000 r--p 0001f000 08:06 5916866    /lib/i386-linux-gnu/ld-2.17.so
b77a6000-b77a7000 rw-p 00020000 08:06 5916866    /lib/i386-linux-gnu/ld-2.17.so
bfa51000-bfa72000 rw-p 00000000 00:00 0          [stack]

VM Arguments:
jvm_args: -Dfile.encoding=UTF-8 -Xbootclasspath:/home/jpdarago/Documents/SegInf/sdk/platforms/android-19/android.jar 
java_command: org.eclipse.jdt.internal.junit.runner.RemoteTestRunner -version 3 -port 58894 -testLoaderClass org.eclipse.jdt.internal.junit4.runner.JUnit4TestLoader -loaderpluginname org.eclipse.jdt.junit4.runtime -classNames com.seginf.supersafeapp.CommandParserTest
Launcher Type: SUN_STANDARD

Environment Variables:
JAVA_HOME=/usr/local/java/jdk1.7.0_10
JRE_HOME=/usr/local/java/jre1.7.0_10
PATH=/home/jpdarago/bochs/bin:/home/jpdarago/bin:/usr/lib/lightdm/lightdm:/usr/local/sbin:/usr/local/bin:/usr/sbin:/usr/bin:/sbin:/bin:/usr/games:/usr/local/games:/home/jpdarago/bin:/usr/local/java/jdk1.7.0_10/bin:/home/jpdarago/bin:/usr/local/java/jre1.7.0_10/bin
LD_LIBRARY_PATH=/usr/local/java/jre1.7.0_10/lib/i386/server:/usr/local/java/jre1.7.0_10/lib/i386:/usr/local/java/jre1.7.0_10/../lib/i386:/usr/local/java/jre1.7.0_10/lib/i386/client:/usr/local/java/jre1.7.0_10/lib/i386:
SHELL=/usr/bin/zsh
DISPLAY=:0.0

Signal Handlers:
SIGSEGV: [libjvm.so+0x720eb0], sa_mask[0]=0x7ffbfeff, sa_flags=0x10000004
SIGBUS: [libjvm.so+0x720eb0], sa_mask[0]=0x7ffbfeff, sa_flags=0x10000004
SIGFPE: [libjvm.so+0x5d9d00], sa_mask[0]=0x7ffbfeff, sa_flags=0x10000004
SIGPIPE: [libjvm.so+0x5d9d00], sa_mask[0]=0x7ffbfeff, sa_flags=0x10000004
SIGXFSZ: [libjvm.so+0x5d9d00], sa_mask[0]=0x7ffbfeff, sa_flags=0x10000004
SIGILL: [libjvm.so+0x5d9d00], sa_mask[0]=0x7ffbfeff, sa_flags=0x10000004
SIGUSR1: SIG_DFL, sa_mask[0]=0x00000000, sa_flags=0x00000000
SIGUSR2: [libjvm.so+0x5d95e0], sa_mask[0]=0x00000004, sa_flags=0x10000004
SIGHUP: SIG_DFL, sa_mask[0]=0x00000000, sa_flags=0x00000000
SIGINT: SIG_DFL, sa_mask[0]=0x00000000, sa_flags=0x00000000
SIGTERM: SIG_DFL, sa_mask[0]=0x00000000, sa_flags=0x00000000
SIGQUIT: SIG_DFL, sa_mask[0]=0x00000000, sa_flags=0x00000000


---------------  S Y S T E M  ---------------

OS:wheezy/sid

uname:Linux 3.8.0-33-generic #48-Ubuntu SMP Wed Oct 23 17:26:34 UTC 2013 i686
libc:glibc 2.17 NPTL 2.17 
rlimit: STACK 8192k, CORE 0k, NPROC 21946, NOFILE 4096, AS infinity
load average:0.57 0.51 0.67

/proc/meminfo:
MemTotal:        2825704 kB
MemFree:          225308 kB
Buffers:           94016 kB
Cached:           672604 kB
SwapCached:        56884 kB
Active:          1542452 kB
Inactive:         949516 kB
Active(anon):    1267388 kB
Inactive(anon):   667464 kB
Active(file):     275064 kB
Inactive(file):   282052 kB
Unevictable:          48 kB
Mlocked:              48 kB
HighTotal:       1952256 kB
HighFree:          24512 kB
LowTotal:         873448 kB
LowFree:          200796 kB
SwapTotal:       5723128 kB
SwapFree:        5624520 kB
Dirty:               380 kB
Writeback:             0 kB
AnonPages:       1669236 kB
Mapped:           169796 kB
Shmem:            209504 kB
Slab:              68356 kB
SReclaimable:      49048 kB
SUnreclaim:        19308 kB
KernelStack:        4512 kB
PageTables:        17008 kB
NFS_Unstable:          0 kB
Bounce:                0 kB
WritebackTmp:          0 kB
CommitLimit:     7135980 kB
Committed_AS:    5637384 kB
VmallocTotal:     122880 kB
VmallocUsed:       16332 kB
VmallocChunk:     105532 kB
HardwareCorrupted:     0 kB
AnonHugePages:         0 kB
HugePages_Total:       0
HugePages_Free:        0
HugePages_Rsvd:        0
HugePages_Surp:        0
Hugepagesize:       2048 kB
DirectMap4k:       10232 kB
DirectMap2M:      903168 kB


CPU:total 2 (2 cores per cpu, 1 threads per core) family 6 model 37 stepping 5, cmov, cx8, fxsr, mmx, sse, sse2, sse3, ssse3, popcnt, tsc, tscinvbit

/proc/cpuinfo:
processor	: 0
vendor_id	: GenuineIntel
cpu family	: 6
model		: 37
model name	: Intel(R) Pentium(R) CPU        P6100  @ 2.00GHz
stepping	: 5
microcode	: 0x2
cpu MHz		: 1999.000
cache size	: 3072 KB
physical id	: 0
siblings	: 2
core id		: 0
cpu cores	: 2
apicid		: 0
initial apicid	: 0
fdiv_bug	: no
hlt_bug		: no
f00f_bug	: no
coma_bug	: no
fpu		: yes
fpu_exception	: yes
cpuid level	: 11
wp		: yes
flags		: fpu vme de pse tsc msr pae mce cx8 apic sep mtrr pge mca cmov pat pse36 clflush dts acpi mmx fxsr sse sse2 ss ht tm pbe nx rdtscp lm constant_tsc arch_perfmon pebs bts xtopology nonstop_tsc aperfmperf pni dtes64 monitor ds_cpl est tm2 ssse3 cx16 xtpr pdcm pcid popcnt lahf_lm arat dtherm
bogomips	: 3990.37
clflush size	: 64
cache_alignment	: 64
address sizes	: 36 bits physical, 48 bits virtual
power management:

processor	: 1
vendor_id	: GenuineIntel
cpu family	: 6
model		: 37
model name	: Intel(R) Pentium(R) CPU        P6100  @ 2.00GHz
stepping	: 5
microcode	: 0x2
cpu MHz		: 1999.000
cache size	: 3072 KB
physical id	: 0
siblings	: 2
core id		: 2
cpu cores	: 2
apicid		: 4
initial apicid	: 4
fdiv_bug	: no
hlt_bug		: no
f00f_bug	: no
coma_bug	: no
fpu		: yes
fpu_exception	: yes
cpuid level	: 11
wp		: yes
flags		: fpu vme de pse tsc msr pae mce cx8 apic sep mtrr pge mca cmov pat pse36 clflush dts acpi mmx fxsr sse sse2 ss ht tm pbe nx rdtscp lm constant_tsc arch_perfmon pebs bts xtopology nonstop_tsc aperfmperf pni dtes64 monitor ds_cpl est tm2 ssse3 cx16 xtpr pdcm pcid popcnt lahf_lm arat dtherm
bogomips	: 3990.37
clflush size	: 64
cache_alignment	: 64
address sizes	: 36 bits physical, 48 bits virtual
power management:



Memory: 4k page, physical 2825704k(225308k free), swap 5723128k(5624520k free)

vm_info: Java HotSpot(TM) Server VM (23.6-b04) for linux-x86 JRE (1.7.0_10-b18), built on Nov 28 2012 04:28:35 by "java_re" with gcc 4.3.0 20080428 (Red Hat 4.3.0-8)

time: Sun Nov 24 18:49:59 2013
elapsed time: 0 seconds

