#
# A fatal error has been detected by the Java Runtime Environment:
#
#  Internal Error (javaClasses.cpp:129), pid=5012, tid=3062414144
#  fatal error: Invalid layout of preloaded class
#
# JRE version: 7.0_10-b18
# Java VM: Java HotSpot(TM) Server VM (23.6-b04 mixed mode linux-x86 )
# Failed to write core dump. Core dumps have been disabled. To enable core dumping, try "ulimit -c unlimited" before starting Java again
#
# If you would like to submit a bug report, please visit:
#   http://bugreport.sun.com/bugreport/crash.jsp
#

---------------  T H R E A D  ---------------

Current thread (0xb6706800):  JavaThread "Unknown thread" [_thread_in_vm, id=5017, stack(0xb683b000,0xb688c000)]

Stack: [0xb683b000,0xb688c000],  sp=0xb688ad90,  free space=319k
Native frames: (J=compiled Java code, j=interpreted, Vv=VM code, C=native code)
V  [libjvm.so+0x720369]  VMError::report_and_die()+0x199
V  [libjvm.so+0x2e8d1c]  report_fatal(char const*, int, char const*)+0x4c
V  [libjvm.so+0x416830]  compute_offset(int&, klassOopDesc*, Symbol*, Symbol*, bool)+0x110
V  [libjvm.so+0x41adc4]  java_lang_String::compute_offsets()+0x44
V  [libjvm.so+0x6b5655]  SystemDictionary::initialize_preloaded_classes(Thread*)+0x225
V  [libjvm.so+0x6fd158]  Universe::genesis(Thread*)+0x3f8
V  [libjvm.so+0x6fd5cf]  universe2_init()+0x1f
V  [libjvm.so+0x3dca60]  init_globals()+0xa0
V  [libjvm.so+0x6e4b49]  Threads::create_vm(JavaVMInitArgs*, bool*)+0x1f9
V  [libjvm.so+0x4243ac]  JNI_CreateJavaVM+0x5c
C  [libjli.so+0x2668]  JavaMain+0x98
C  [libpthread.so.0+0x6d78]  start_thread+0xd8


---------------  P R O C E S S  ---------------

Java Threads: ( => current thread )

Other Threads:

=>0xb6706800 (exited) JavaThread "Unknown thread" [_thread_in_vm, id=5017, stack(0xb683b000,0xb688c000)]

VM state:not at safepoint (not fully initialized)

VM Mutex/Monitor currently owned by a thread: None

GC Heap History (0 events):
No events

Deoptimization events (0 events):
No events

Internal exceptions (0 events):
No events

Events (10 events):
Event: 0.007 loading class 0xb6731730 done
Event: 0.008 loading class 0xb6731070 done
Event: 0.008 loading class 0xb6731048
Event: 0.008 loading class 0xb6751500
Event: 0.008 loading class 0xb6751500 done
Event: 0.008 loading class 0xb6751538
Event: 0.008 loading class 0xb6751538 done
Event: 0.008 loading class 0xb6751570
Event: 0.008 loading class 0xb6751570 done
Event: 0.008 loading class 0xb6731048 done


Dynamic libraries:
08048000-08049000 r-xp 00000000 08:06 545329     /usr/local/java/jre1.7.0_10/bin/java
08049000-0804a000 rw-p 00000000 08:06 545329     /usr/local/java/jre1.7.0_10/bin/java
086f9000-0871a000 rw-p 00000000 00:00 0          [heap]
81c3f000-83d00000 rw-p 00000000 00:00 0 
83d00000-83d21000 rw-p 00000000 00:00 0 
83d21000-83e00000 ---p 00000000 00:00 0 
83e29000-83f00000 r--s 013f2000 08:06 2117262    /home/jpdarago/Documents/SegInf/sdk/platforms/android-19/android.jar
83f00000-83f21000 rw-p 00000000 00:00 0 
83f21000-84000000 ---p 00000000 00:00 0 
84057000-8407e000 rw-p 00000000 00:00 0 
8407e000-8407f000 ---p 00000000 00:00 0 
8407f000-840ff000 rw-p 00000000 00:00 0          [stack:5019]
840ff000-84100000 ---p 00000000 00:00 0 
84100000-84188000 rw-p 00000000 00:00 0          [stack:5018]
84188000-841a0000 rw-p 00000000 00:00 0 
841a0000-841af000 rw-p 00000000 00:00 0 
841af000-84286000 rw-p 00000000 00:00 0 
84286000-8428e000 rw-p 00000000 00:00 0 
8428e000-842a6000 rw-p 00000000 00:00 0 
842a6000-842b5000 rw-p 00000000 00:00 0 
842b5000-8438c000 rw-p 00000000 00:00 0 
8438c000-84394000 rw-p 00000000 00:00 0 
84394000-843ff000 rw-p 00000000 00:00 0 
843ff000-85400000 rw-p 00000000 00:00 0 
85400000-88400000 rw-p 00000000 00:00 0 
88400000-8a0c0000 rw-p 00000000 00:00 0 
8a0c0000-a5000000 rw-p 00000000 00:00 0 
a5000000-a5e60000 rw-p 00000000 00:00 0 
a5e60000-b3600000 rw-p 00000000 00:00 0 
b3604000-b360d000 rw-p 00000000 00:00 0 
b360d000-b36c4000 rw-p 00000000 00:00 0 
b36c4000-b3904000 rwxp 00000000 00:00 0 
b3904000-b66c4000 rw-p 00000000 00:00 0 
b66c4000-b66d9000 r-xp 00000000 08:06 5916854    /lib/i386-linux-gnu/libnsl-2.17.so
b66d9000-b66da000 r--p 00014000 08:06 5916854    /lib/i386-linux-gnu/libnsl-2.17.so
b66da000-b66db000 rw-p 00015000 08:06 5916854    /lib/i386-linux-gnu/libnsl-2.17.so
b66db000-b66dd000 rw-p 00000000 00:00 0 
b66de000-b66e0000 rw-p 00000000 00:00 0 
b66e0000-b66f7000 r-xp 00000000 08:06 1198459    /usr/local/java/jre1.7.0_10/lib/i386/libzip.so
b66f7000-b66f8000 rw-p 00017000 08:06 1198459    /usr/local/java/jre1.7.0_10/lib/i386/libzip.so
b66f8000-b6700000 rw-s 00000000 08:06 2518439    /tmp/hsperfdata_jpdarago/5012
b6700000-b6763000 rw-p 00000000 00:00 0 
b6763000-b6800000 ---p 00000000 00:00 0 
b6800000-b6801000 rw-p 00000000 00:00 0 
b6801000-b680c000 r-xp 00000000 08:06 5916857    /lib/i386-linux-gnu/libnss_files-2.17.so
b680c000-b680d000 r--p 0000a000 08:06 5916857    /lib/i386-linux-gnu/libnss_files-2.17.so
b680d000-b680e000 rw-p 0000b000 08:06 5916857    /lib/i386-linux-gnu/libnss_files-2.17.so
b680e000-b6831000 r-xp 00000000 08:06 1198422    /usr/local/java/jre1.7.0_10/lib/i386/libjava.so
b6831000-b6832000 rw-p 00023000 08:06 1198422    /usr/local/java/jre1.7.0_10/lib/i386/libjava.so
b6832000-b6839000 r-xp 00000000 08:06 5916867    /lib/i386-linux-gnu/librt-2.17.so
b6839000-b683a000 r--p 00006000 08:06 5916867    /lib/i386-linux-gnu/librt-2.17.so
b683a000-b683b000 rw-p 00007000 08:06 5916867    /lib/i386-linux-gnu/librt-2.17.so
b683b000-b683e000 ---p 00000000 00:00 0 
b683e000-b688c000 rw-p 00000000 00:00 0          [stack:5017]
b688c000-b68cd000 r-xp 00000000 08:06 5916864    /lib/i386-linux-gnu/libm-2.17.so
b68cd000-b68ce000 r--p 00040000 08:06 5916864    /lib/i386-linux-gnu/libm-2.17.so
b68ce000-b68cf000 rw-p 00041000 08:06 5916864    /lib/i386-linux-gnu/libm-2.17.so
b68cf000-b7088000 r-xp 00000000 08:06 1198458    /usr/local/java/jre1.7.0_10/lib/i386/server/libjvm.so
b7088000-b70da000 rw-p 007b9000 08:06 1198458    /usr/local/java/jre1.7.0_10/lib/i386/server/libjvm.so
b70da000-b74fd000 rw-p 00000000 00:00 0 
b74fd000-b76ab000 r-xp 00000000 08:06 5916865    /lib/i386-linux-gnu/libc-2.17.so
b76ab000-b76ad000 r--p 001ae000 08:06 5916865    /lib/i386-linux-gnu/libc-2.17.so
b76ad000-b76ae000 rw-p 001b0000 08:06 5916865    /lib/i386-linux-gnu/libc-2.17.so
b76ae000-b76b1000 rw-p 00000000 00:00 0 
b76b1000-b76b4000 r-xp 00000000 08:06 5916870    /lib/i386-linux-gnu/libdl-2.17.so
b76b4000-b76b5000 r--p 00002000 08:06 5916870    /lib/i386-linux-gnu/libdl-2.17.so
b76b5000-b76b6000 rw-p 00003000 08:06 5916870    /lib/i386-linux-gnu/libdl-2.17.so
b76b6000-b76c9000 r-xp 00000000 08:06 1198426    /usr/local/java/jre1.7.0_10/lib/i386/jli/libjli.so
b76c9000-b76ca000 rw-p 00012000 08:06 1198426    /usr/local/java/jre1.7.0_10/lib/i386/jli/libjli.so
b76ca000-b76cb000 rw-p 00000000 00:00 0 
b76cb000-b76e2000 r-xp 00000000 08:06 5916863    /lib/i386-linux-gnu/libpthread-2.17.so
b76e2000-b76e3000 r--p 00016000 08:06 5916863    /lib/i386-linux-gnu/libpthread-2.17.so
b76e3000-b76e4000 rw-p 00017000 08:06 5916863    /lib/i386-linux-gnu/libpthread-2.17.so
b76e4000-b76e6000 rw-p 00000000 00:00 0 
b76e6000-b76f0000 r-xp 00000000 08:06 5916868    /lib/i386-linux-gnu/libnss_nis-2.17.so
b76f0000-b76f1000 r--p 00009000 08:06 5916868    /lib/i386-linux-gnu/libnss_nis-2.17.so
b76f1000-b76f2000 rw-p 0000a000 08:06 5916868    /lib/i386-linux-gnu/libnss_nis-2.17.so
b76f2000-b76f9000 r-xp 00000000 08:06 5916858    /lib/i386-linux-gnu/libnss_compat-2.17.so
b76f9000-b76fa000 r--p 00006000 08:06 5916858    /lib/i386-linux-gnu/libnss_compat-2.17.so
b76fa000-b76fb000 rw-p 00007000 08:06 5916858    /lib/i386-linux-gnu/libnss_compat-2.17.so
b76fb000-b76fc000 rw-p 00000000 00:00 0 
b76fc000-b76fd000 r--p 00000000 00:00 0 
b76fd000-b7708000 r-xp 00000000 08:06 1198404    /usr/local/java/jre1.7.0_10/lib/i386/libverify.so
b7708000-b7709000 rw-p 0000b000 08:06 1198404    /usr/local/java/jre1.7.0_10/lib/i386/libverify.so
b7709000-b770b000 rw-p 00000000 00:00 0 
b770b000-b770c000 r-xp 00000000 00:00 0          [vdso]
b770c000-b772c000 r-xp 00000000 08:06 5916866    /lib/i386-linux-gnu/ld-2.17.so
b772c000-b772d000 r--p 0001f000 08:06 5916866    /lib/i386-linux-gnu/ld-2.17.so
b772d000-b772e000 rw-p 00020000 08:06 5916866    /lib/i386-linux-gnu/ld-2.17.so
bfe9b000-bfebc000 rw-p 00000000 00:00 0          [stack]

VM Arguments:
jvm_args: -Dfile.encoding=UTF-8 -Xbootclasspath:/home/jpdarago/Documents/SegInf/sdk/platforms/android-19/android.jar 
java_command: com.seginf.supersafeapp.RansomwareHandler
Launcher Type: SUN_STANDARD

Environment Variables:
JAVA_HOME=/usr/local/java/jdk1.7.0_10
JRE_HOME=/usr/local/java/jre1.7.0_10
PATH=/home/jpdarago/IntelliJ/bin:/home/jpdarago/bochs/bin:/home/jpdarago/bin:/usr/lib/lightdm/lightdm:/usr/local/sbin:/usr/local/bin:/usr/sbin:/usr/bin:/sbin:/bin:/usr/games:/usr/local/games:/home/jpdarago/bin:/usr/local/java/jdk1.7.0_10/bin:/home/jpdarago/bin:/usr/local/java/jre1.7.0_10/bin:/home/jpdarago/bochs/bin:/home/jpdarago/bin:/usr/lib/lightdm/lightdm:/usr/local/sbin:/usr/local/bin:/usr/sbin:/usr/bin:/sbin:/bin:/usr/games:/usr/local/games:/home/jpdarago/bin:/usr/local/java/jdk1.7.0_10/bin:/home/jpdarago/bin:/usr/local/java/jre1.7.0_10/bin:/usr/local/go/bin:/home/jpdarago/gocode/bin
LD_LIBRARY_PATH=/usr/local/java/jre1.7.0_10/lib/i386/server:/usr/local/java/jre1.7.0_10/lib/i386:/usr/local/java/jre1.7.0_10/../lib/i386:/usr/local/java/jre1.7.0_10/lib/i386/client:/usr/local/java/jre1.7.0_10/lib/i386:
SHELL=/usr/bin/zsh
DISPLAY=:0

Signal Handlers:
SIGSEGV: [libjvm.so+0x720eb0], sa_mask[0]=0x7ffbfeff, sa_flags=0x10000004
SIGBUS: [libjvm.so+0x720eb0], sa_mask[0]=0x7ffbfeff, sa_flags=0x10000004
SIGFPE: [libjvm.so+0x5d9d00], sa_mask[0]=0x7ffbfeff, sa_flags=0x10000004
SIGPIPE: [libjvm.so+0x5d9d00], sa_mask[0]=0x7ffbfeff, sa_flags=0x10000004
SIGXFSZ: [libjvm.so+0x5d9d00], sa_mask[0]=0x7ffbfeff, sa_flags=0x10000004
SIGILL: [libjvm.so+0x5d9d00], sa_mask[0]=0x7ffbfeff, sa_flags=0x10000004
SIGUSR1: SIG_DFL, sa_mask[0]=0x00000000, sa_flags=0x00000000
SIGUSR2: [libjvm.so+0x5d95e0], sa_mask[0]=0x00000004, sa_flags=0x10000004
SIGHUP: SIG_DFL, sa_mask[0]=0x00000000, sa_flags=0x00000000
SIGINT: SIG_DFL, sa_mask[0]=0x00000000, sa_flags=0x00000000
SIGTERM: SIG_DFL, sa_mask[0]=0x00000000, sa_flags=0x00000000
SIGQUIT: SIG_DFL, sa_mask[0]=0x00000000, sa_flags=0x00000000


---------------  S Y S T E M  ---------------

OS:wheezy/sid

uname:Linux 3.8.0-33-generic #48-Ubuntu SMP Wed Oct 23 17:26:34 UTC 2013 i686
libc:glibc 2.17 NPTL 2.17 
rlimit: STACK 8192k, CORE 0k, NPROC 21946, NOFILE 4096, AS infinity
load average:0.57 0.36 0.39

/proc/meminfo:
MemTotal:        2825704 kB
MemFree:          169684 kB
Buffers:          137104 kB
Cached:           826332 kB
SwapCached:            0 kB
Active:          1558432 kB
Inactive:         923416 kB
Active(anon):    1158900 kB
Inactive(anon):   536572 kB
Active(file):     399532 kB
Inactive(file):   386844 kB
Unevictable:          48 kB
Mlocked:              48 kB
HighTotal:       1952256 kB
HighFree:          29016 kB
LowTotal:         873448 kB
LowFree:          140668 kB
SwapTotal:       5723128 kB
SwapFree:        5714176 kB
Dirty:               372 kB
Writeback:             0 kB
AnonPages:       1518588 kB
Mapped:           217848 kB
Shmem:            177060 kB
Slab:             137128 kB
SReclaimable:     118524 kB
SUnreclaim:        18604 kB
KernelStack:        4464 kB
PageTables:        15992 kB
NFS_Unstable:          0 kB
Bounce:                0 kB
WritebackTmp:          0 kB
CommitLimit:     7135980 kB
Committed_AS:    5295404 kB
VmallocTotal:     122880 kB
VmallocUsed:       16172 kB
VmallocChunk:     104364 kB
HardwareCorrupted:     0 kB
AnonHugePages:         0 kB
HugePages_Total:       0
HugePages_Free:        0
HugePages_Rsvd:        0
HugePages_Surp:        0
Hugepagesize:       2048 kB
DirectMap4k:       10232 kB
DirectMap2M:      903168 kB


CPU:total 2 (2 cores per cpu, 1 threads per core) family 6 model 37 stepping 5, cmov, cx8, fxsr, mmx, sse, sse2, sse3, ssse3, popcnt, tsc, tscinvbit

/proc/cpuinfo:
processor	: 0
vendor_id	: GenuineIntel
cpu family	: 6
model		: 37
model name	: Intel(R) Pentium(R) CPU        P6100  @ 2.00GHz
stepping	: 5
microcode	: 0x2
cpu MHz		: 1999.000
cache size	: 3072 KB
physical id	: 0
siblings	: 2
core id		: 0
cpu cores	: 2
apicid		: 0
initial apicid	: 0
fdiv_bug	: no
hlt_bug		: no
f00f_bug	: no
coma_bug	: no
fpu		: yes
fpu_exception	: yes
cpuid level	: 11
wp		: yes
flags		: fpu vme de pse tsc msr pae mce cx8 apic sep mtrr pge mca cmov pat pse36 clflush dts acpi mmx fxsr sse sse2 ss ht tm pbe nx rdtscp lm constant_tsc arch_perfmon pebs bts xtopology nonstop_tsc aperfmperf pni dtes64 monitor ds_cpl est tm2 ssse3 cx16 xtpr pdcm pcid popcnt lahf_lm arat dtherm
bogomips	: 3989.97
clflush size	: 64
cache_alignment	: 64
address sizes	: 36 bits physical, 48 bits virtual
power management:

processor	: 1
vendor_id	: GenuineIntel
cpu family	: 6
model		: 37
model name	: Intel(R) Pentium(R) CPU        P6100  @ 2.00GHz
stepping	: 5
microcode	: 0x2
cpu MHz		: 1999.000
cache size	: 3072 KB
physical id	: 0
siblings	: 2
core id		: 2
cpu cores	: 2
apicid		: 4
initial apicid	: 4
fdiv_bug	: no
hlt_bug		: no
f00f_bug	: no
coma_bug	: no
fpu		: yes
fpu_exception	: yes
cpuid level	: 11
wp		: yes
flags		: fpu vme de pse tsc msr pae mce cx8 apic sep mtrr pge mca cmov pat pse36 clflush dts acpi mmx fxsr sse sse2 ss ht tm pbe nx rdtscp lm constant_tsc arch_perfmon pebs bts xtopology nonstop_tsc aperfmperf pni dtes64 monitor ds_cpl est tm2 ssse3 cx16 xtpr pdcm pcid popcnt lahf_lm arat dtherm
bogomips	: 3989.97
clflush size	: 64
cache_alignment	: 64
address sizes	: 36 bits physical, 48 bits virtual
power management:



Memory: 4k page, physical 2825704k(169684k free), swap 5723128k(5714176k free)

vm_info: Java HotSpot(TM) Server VM (23.6-b04) for linux-x86 JRE (1.7.0_10-b18), built on Nov 28 2012 04:28:35 by "java_re" with gcc 4.3.0 20080428 (Red Hat 4.3.0-8)

time: Tue Nov 26 15:59:29 2013
elapsed time: 0 seconds

