#
# A fatal error has been detected by the Java Runtime Environment:
#
#  Internal Error (javaClasses.cpp:129), pid=4609, tid=3063237440
#  fatal error: Invalid layout of preloaded class
#
# JRE version: 7.0_10-b18
# Java VM: Java HotSpot(TM) Server VM (23.6-b04 mixed mode linux-x86 )
# Failed to write core dump. Core dumps have been disabled. To enable core dumping, try "ulimit -c unlimited" before starting Java again
#
# If you would like to submit a bug report, please visit:
#   http://bugreport.sun.com/bugreport/crash.jsp
#

---------------  T H R E A D  ---------------

Current thread (0xb6806c00):  JavaThread "Unknown thread" [_thread_in_vm, id=4615, stack(0xb6904000,0xb6955000)]

Stack: [0xb6904000,0xb6955000],  sp=0xb6953d90,  free space=319k
Native frames: (J=compiled Java code, j=interpreted, Vv=VM code, C=native code)
V  [libjvm.so+0x720369]  VMError::report_and_die()+0x199
V  [libjvm.so+0x2e8d1c]  report_fatal(char const*, int, char const*)+0x4c
V  [libjvm.so+0x416830]  compute_offset(int&, klassOopDesc*, Symbol*, Symbol*, bool)+0x110
V  [libjvm.so+0x41adc4]  java_lang_String::compute_offsets()+0x44
V  [libjvm.so+0x6b5655]  SystemDictionary::initialize_preloaded_classes(Thread*)+0x225
V  [libjvm.so+0x6fd158]  Universe::genesis(Thread*)+0x3f8
V  [libjvm.so+0x6fd5cf]  universe2_init()+0x1f
V  [libjvm.so+0x3dca60]  init_globals()+0xa0
V  [libjvm.so+0x6e4b49]  Threads::create_vm(JavaVMInitArgs*, bool*)+0x1f9
V  [libjvm.so+0x4243ac]  JNI_CreateJavaVM+0x5c
C  [libjli.so+0x2668]  JavaMain+0x98
C  [libpthread.so.0+0x6d78]  start_thread+0xd8


---------------  P R O C E S S  ---------------

Java Threads: ( => current thread )

Other Threads:

=>0xb6806c00 (exited) JavaThread "Unknown thread" [_thread_in_vm, id=4615, stack(0xb6904000,0xb6955000)]

VM state:not at safepoint (not fully initialized)

VM Mutex/Monitor currently owned by a thread: None

GC Heap History (0 events):
No events

Deoptimization events (0 events):
No events

Internal exceptions (0 events):
No events

Events (10 events):
Event: 0.008 loading class 0xb6831a40 done
Event: 0.009 loading class 0xb6831380 done
Event: 0.009 loading class 0xb6831358
Event: 0.009 loading class 0xb6851810
Event: 0.009 loading class 0xb6851810 done
Event: 0.009 loading class 0xb6851848
Event: 0.009 loading class 0xb6851848 done
Event: 0.009 loading class 0xb6851880
Event: 0.009 loading class 0xb6851880 done
Event: 0.009 loading class 0xb6831358 done


Dynamic libraries:
08048000-08049000 r-xp 00000000 08:06 545329     /usr/local/java/jre1.7.0_10/bin/java
08049000-0804a000 rw-p 00000000 08:06 545329     /usr/local/java/jre1.7.0_10/bin/java
085dd000-085fe000 rw-p 00000000 00:00 0          [heap]
81d3f000-83e00000 rw-p 00000000 00:00 0 
83e00000-83e21000 rw-p 00000000 00:00 0 
83e21000-83f00000 ---p 00000000 00:00 0 
83f29000-84000000 r--s 013f2000 08:06 2117262    /home/jpdarago/Documents/SegInf/sdk/platforms/android-19/android.jar
84000000-84021000 rw-p 00000000 00:00 0 
84021000-84100000 ---p 00000000 00:00 0 
84117000-8413e000 rw-p 00000000 00:00 0 
8413e000-8413f000 ---p 00000000 00:00 0 
8413f000-841bf000 rw-p 00000000 00:00 0          [stack:4617]
841bf000-841c0000 ---p 00000000 00:00 0 
841c0000-84248000 rw-p 00000000 00:00 0          [stack:4616]
84248000-84260000 rw-p 00000000 00:00 0 
84260000-8426f000 rw-p 00000000 00:00 0 
8426f000-84346000 rw-p 00000000 00:00 0 
84346000-8434e000 rw-p 00000000 00:00 0 
8434e000-84366000 rw-p 00000000 00:00 0 
84366000-84375000 rw-p 00000000 00:00 0 
84375000-8444c000 rw-p 00000000 00:00 0 
8444c000-84454000 rw-p 00000000 00:00 0 
84454000-844bf000 rw-p 00000000 00:00 0 
844bf000-854c0000 rw-p 00000000 00:00 0 
854c0000-884c0000 rw-p 00000000 00:00 0 
884c0000-8a180000 rw-p 00000000 00:00 0 
8a180000-a50c0000 rw-p 00000000 00:00 0 
a50c0000-a5f20000 rw-p 00000000 00:00 0 
a5f20000-b36c0000 rw-p 00000000 00:00 0 
b36ca000-b36d3000 rw-p 00000000 00:00 0 
b36d3000-b378a000 rw-p 00000000 00:00 0 
b378a000-b39ca000 rwxp 00000000 00:00 0 
b39ca000-b678a000 rw-p 00000000 00:00 0 
b678a000-b6795000 r-xp 00000000 08:06 5916857    /lib/i386-linux-gnu/libnss_files-2.17.so
b6795000-b6796000 r--p 0000a000 08:06 5916857    /lib/i386-linux-gnu/libnss_files-2.17.so
b6796000-b6797000 rw-p 0000b000 08:06 5916857    /lib/i386-linux-gnu/libnss_files-2.17.so
b6797000-b67ac000 r-xp 00000000 08:06 5916854    /lib/i386-linux-gnu/libnsl-2.17.so
b67ac000-b67ad000 r--p 00014000 08:06 5916854    /lib/i386-linux-gnu/libnsl-2.17.so
b67ad000-b67ae000 rw-p 00015000 08:06 5916854    /lib/i386-linux-gnu/libnsl-2.17.so
b67ae000-b67b0000 rw-p 00000000 00:00 0 
b67b3000-b67ca000 r-xp 00000000 08:06 1198459    /usr/local/java/jre1.7.0_10/lib/i386/libzip.so
b67ca000-b67cb000 rw-p 00017000 08:06 1198459    /usr/local/java/jre1.7.0_10/lib/i386/libzip.so
b67cb000-b67d3000 rw-s 00000000 08:06 2518440    /tmp/hsperfdata_jpdarago/4609
b67d3000-b67f6000 r-xp 00000000 08:06 1198422    /usr/local/java/jre1.7.0_10/lib/i386/libjava.so
b67f6000-b67f7000 rw-p 00023000 08:06 1198422    /usr/local/java/jre1.7.0_10/lib/i386/libjava.so
b67f7000-b67fe000 r-xp 00000000 08:06 5916867    /lib/i386-linux-gnu/librt-2.17.so
b67fe000-b67ff000 r--p 00006000 08:06 5916867    /lib/i386-linux-gnu/librt-2.17.so
b67ff000-b6800000 rw-p 00007000 08:06 5916867    /lib/i386-linux-gnu/librt-2.17.so
b6800000-b6863000 rw-p 00000000 00:00 0 
b6863000-b6900000 ---p 00000000 00:00 0 
b6901000-b6904000 rw-p 00000000 00:00 0 
b6904000-b6907000 ---p 00000000 00:00 0 
b6907000-b6955000 rw-p 00000000 00:00 0          [stack:4615]
b6955000-b6996000 r-xp 00000000 08:06 5916864    /lib/i386-linux-gnu/libm-2.17.so
b6996000-b6997000 r--p 00040000 08:06 5916864    /lib/i386-linux-gnu/libm-2.17.so
b6997000-b6998000 rw-p 00041000 08:06 5916864    /lib/i386-linux-gnu/libm-2.17.so
b6998000-b7151000 r-xp 00000000 08:06 1198458    /usr/local/java/jre1.7.0_10/lib/i386/server/libjvm.so
b7151000-b71a3000 rw-p 007b9000 08:06 1198458    /usr/local/java/jre1.7.0_10/lib/i386/server/libjvm.so
b71a3000-b75c6000 rw-p 00000000 00:00 0 
b75c6000-b7774000 r-xp 00000000 08:06 5916865    /lib/i386-linux-gnu/libc-2.17.so
b7774000-b7776000 r--p 001ae000 08:06 5916865    /lib/i386-linux-gnu/libc-2.17.so
b7776000-b7777000 rw-p 001b0000 08:06 5916865    /lib/i386-linux-gnu/libc-2.17.so
b7777000-b777a000 rw-p 00000000 00:00 0 
b777a000-b777d000 r-xp 00000000 08:06 5916870    /lib/i386-linux-gnu/libdl-2.17.so
b777d000-b777e000 r--p 00002000 08:06 5916870    /lib/i386-linux-gnu/libdl-2.17.so
b777e000-b777f000 rw-p 00003000 08:06 5916870    /lib/i386-linux-gnu/libdl-2.17.so
b777f000-b7792000 r-xp 00000000 08:06 1198426    /usr/local/java/jre1.7.0_10/lib/i386/jli/libjli.so
b7792000-b7793000 rw-p 00012000 08:06 1198426    /usr/local/java/jre1.7.0_10/lib/i386/jli/libjli.so
b7793000-b7794000 rw-p 00000000 00:00 0 
b7794000-b77ab000 r-xp 00000000 08:06 5916863    /lib/i386-linux-gnu/libpthread-2.17.so
b77ab000-b77ac000 r--p 00016000 08:06 5916863    /lib/i386-linux-gnu/libpthread-2.17.so
b77ac000-b77ad000 rw-p 00017000 08:06 5916863    /lib/i386-linux-gnu/libpthread-2.17.so
b77ad000-b77af000 rw-p 00000000 00:00 0 
b77af000-b77b9000 r-xp 00000000 08:06 5916868    /lib/i386-linux-gnu/libnss_nis-2.17.so
b77b9000-b77ba000 r--p 00009000 08:06 5916868    /lib/i386-linux-gnu/libnss_nis-2.17.so
b77ba000-b77bb000 rw-p 0000a000 08:06 5916868    /lib/i386-linux-gnu/libnss_nis-2.17.so
b77bb000-b77c2000 r-xp 00000000 08:06 5916858    /lib/i386-linux-gnu/libnss_compat-2.17.so
b77c2000-b77c3000 r--p 00006000 08:06 5916858    /lib/i386-linux-gnu/libnss_compat-2.17.so
b77c3000-b77c4000 rw-p 00007000 08:06 5916858    /lib/i386-linux-gnu/libnss_compat-2.17.so
b77c4000-b77c5000 rw-p 00000000 00:00 0 
b77c5000-b77c6000 r--p 00000000 00:00 0 
b77c6000-b77d1000 r-xp 00000000 08:06 1198404    /usr/local/java/jre1.7.0_10/lib/i386/libverify.so
b77d1000-b77d2000 rw-p 0000b000 08:06 1198404    /usr/local/java/jre1.7.0_10/lib/i386/libverify.so
b77d2000-b77d4000 rw-p 00000000 00:00 0 
b77d4000-b77d5000 r-xp 00000000 00:00 0          [vdso]
b77d5000-b77f5000 r-xp 00000000 08:06 5916866    /lib/i386-linux-gnu/ld-2.17.so
b77f5000-b77f6000 r--p 0001f000 08:06 5916866    /lib/i386-linux-gnu/ld-2.17.so
b77f6000-b77f7000 rw-p 00020000 08:06 5916866    /lib/i386-linux-gnu/ld-2.17.so
bfb5a000-bfb7b000 rw-p 00000000 00:00 0          [stack]

VM Arguments:
jvm_args: -Dfile.encoding=UTF-8 -Xbootclasspath:/home/jpdarago/Documents/SegInf/sdk/platforms/android-19/android.jar 
java_command: org.eclipse.jdt.internal.junit.runner.RemoteTestRunner -version 3 -port 52040 -testLoaderClass org.eclipse.jdt.internal.junit4.runner.JUnit4TestLoader -loaderpluginname org.eclipse.jdt.junit4.runtime -classNames com.seginf.supersafeapp.ListPresenterTest
Launcher Type: SUN_STANDARD

Environment Variables:
JAVA_HOME=/usr/local/java/jdk1.7.0_10
JRE_HOME=/usr/local/java/jre1.7.0_10
PATH=/home/jpdarago/bochs/bin:/home/jpdarago/bin:/usr/lib/lightdm/lightdm:/usr/local/sbin:/usr/local/bin:/usr/sbin:/usr/bin:/sbin:/bin:/usr/games:/usr/local/games:/home/jpdarago/bin:/usr/local/java/jdk1.7.0_10/bin:/home/jpdarago/bin:/usr/local/java/jre1.7.0_10/bin
LD_LIBRARY_PATH=/usr/local/java/jre1.7.0_10/lib/i386/server:/usr/local/java/jre1.7.0_10/lib/i386:/usr/local/java/jre1.7.0_10/../lib/i386:/usr/local/java/jre1.7.0_10/lib/i386/client:/usr/local/java/jre1.7.0_10/lib/i386:
SHELL=/usr/bin/zsh
DISPLAY=:0.0

Signal Handlers:
SIGSEGV: [libjvm.so+0x720eb0], sa_mask[0]=0x7ffbfeff, sa_flags=0x10000004
SIGBUS: [libjvm.so+0x720eb0], sa_mask[0]=0x7ffbfeff, sa_flags=0x10000004
SIGFPE: [libjvm.so+0x5d9d00], sa_mask[0]=0x7ffbfeff, sa_flags=0x10000004
SIGPIPE: [libjvm.so+0x5d9d00], sa_mask[0]=0x7ffbfeff, sa_flags=0x10000004
SIGXFSZ: [libjvm.so+0x5d9d00], sa_mask[0]=0x7ffbfeff, sa_flags=0x10000004
SIGILL: [libjvm.so+0x5d9d00], sa_mask[0]=0x7ffbfeff, sa_flags=0x10000004
SIGUSR1: SIG_DFL, sa_mask[0]=0x00000000, sa_flags=0x00000000
SIGUSR2: [libjvm.so+0x5d95e0], sa_mask[0]=0x00000004, sa_flags=0x10000004
SIGHUP: SIG_DFL, sa_mask[0]=0x00000000, sa_flags=0x00000000
SIGINT: SIG_DFL, sa_mask[0]=0x00000000, sa_flags=0x00000000
SIGTERM: SIG_DFL, sa_mask[0]=0x00000000, sa_flags=0x00000000
SIGQUIT: SIG_DFL, sa_mask[0]=0x00000000, sa_flags=0x00000000


---------------  S Y S T E M  ---------------

OS:wheezy/sid

uname:Linux 3.8.0-33-generic #48-Ubuntu SMP Wed Oct 23 17:26:34 UTC 2013 i686
libc:glibc 2.17 NPTL 2.17 
rlimit: STACK 8192k, CORE 0k, NPROC 21946, NOFILE 4096, AS infinity
load average:0.70 0.42 0.49

/proc/meminfo:
MemTotal:        2825704 kB
MemFree:          174788 kB
Buffers:          141992 kB
Cached:           974064 kB
SwapCached:           40 kB
Active:          1321932 kB
Inactive:        1149404 kB
Active(anon):     843436 kB
Inactive(anon):   674736 kB
Active(file):     478496 kB
Inactive(file):   474668 kB
Unevictable:          32 kB
Mlocked:              32 kB
HighTotal:       1952256 kB
HighFree:          24512 kB
LowTotal:         873448 kB
LowFree:          150276 kB
SwapTotal:       5723128 kB
SwapFree:        5717644 kB
Dirty:               220 kB
Writeback:             0 kB
AnonPages:       1355484 kB
Mapped:           219444 kB
Shmem:            162892 kB
Slab:             144820 kB
SReclaimable:     127704 kB
SUnreclaim:        17116 kB
KernelStack:        4136 kB
PageTables:        13120 kB
NFS_Unstable:          0 kB
Bounce:                0 kB
WritebackTmp:          0 kB
CommitLimit:     7135980 kB
Committed_AS:    4684844 kB
VmallocTotal:     122880 kB
VmallocUsed:       16200 kB
VmallocChunk:     104316 kB
HardwareCorrupted:     0 kB
AnonHugePages:         0 kB
HugePages_Total:       0
HugePages_Free:        0
HugePages_Rsvd:        0
HugePages_Surp:        0
Hugepagesize:       2048 kB
DirectMap4k:       10232 kB
DirectMap2M:      903168 kB


CPU:total 2 (2 cores per cpu, 1 threads per core) family 6 model 37 stepping 5, cmov, cx8, fxsr, mmx, sse, sse2, sse3, ssse3, popcnt, tsc, tscinvbit

/proc/cpuinfo:
processor	: 0
vendor_id	: GenuineIntel
cpu family	: 6
model		: 37
model name	: Intel(R) Pentium(R) CPU        P6100  @ 2.00GHz
stepping	: 5
microcode	: 0x2
cpu MHz		: 1999.000
cache size	: 3072 KB
physical id	: 0
siblings	: 2
core id		: 0
cpu cores	: 2
apicid		: 0
initial apicid	: 0
fdiv_bug	: no
hlt_bug		: no
f00f_bug	: no
coma_bug	: no
fpu		: yes
fpu_exception	: yes
cpuid level	: 11
wp		: yes
flags		: fpu vme de pse tsc msr pae mce cx8 apic sep mtrr pge mca cmov pat pse36 clflush dts acpi mmx fxsr sse sse2 ss ht tm pbe nx rdtscp lm constant_tsc arch_perfmon pebs bts xtopology nonstop_tsc aperfmperf pni dtes64 monitor ds_cpl est tm2 ssse3 cx16 xtpr pdcm pcid popcnt lahf_lm arat dtherm
bogomips	: 3989.90
clflush size	: 64
cache_alignment	: 64
address sizes	: 36 bits physical, 48 bits virtual
power management:

processor	: 1
vendor_id	: GenuineIntel
cpu family	: 6
model		: 37
model name	: Intel(R) Pentium(R) CPU        P6100  @ 2.00GHz
stepping	: 5
microcode	: 0x2
cpu MHz		: 1999.000
cache size	: 3072 KB
physical id	: 0
siblings	: 2
core id		: 2
cpu cores	: 2
apicid		: 4
initial apicid	: 4
fdiv_bug	: no
hlt_bug		: no
f00f_bug	: no
coma_bug	: no
fpu		: yes
fpu_exception	: yes
cpuid level	: 11
wp		: yes
flags		: fpu vme de pse tsc msr pae mce cx8 apic sep mtrr pge mca cmov pat pse36 clflush dts acpi mmx fxsr sse sse2 ss ht tm pbe nx rdtscp lm constant_tsc arch_perfmon pebs bts xtopology nonstop_tsc aperfmperf pni dtes64 monitor ds_cpl est tm2 ssse3 cx16 xtpr pdcm pcid popcnt lahf_lm arat dtherm
bogomips	: 3989.90
clflush size	: 64
cache_alignment	: 64
address sizes	: 36 bits physical, 48 bits virtual
power management:



Memory: 4k page, physical 2825704k(174788k free), swap 5723128k(5717644k free)

vm_info: Java HotSpot(TM) Server VM (23.6-b04) for linux-x86 JRE (1.7.0_10-b18), built on Nov 28 2012 04:28:35 by "java_re" with gcc 4.3.0 20080428 (Red Hat 4.3.0-8)

time: Fri Nov 29 16:33:42 2013
elapsed time: 0 seconds

