#
# A fatal error has been detected by the Java Runtime Environment:
#
#  Internal Error (javaClasses.cpp:129), pid=4994, tid=3062590272
#  fatal error: Invalid layout of preloaded class
#
# JRE version: 7.0_10-b18
# Java VM: Java HotSpot(TM) Server VM (23.6-b04 mixed mode linux-x86 )
# Failed to write core dump. Core dumps have been disabled. To enable core dumping, try "ulimit -c unlimited" before starting Java again
#
# If you would like to submit a bug report, please visit:
#   http://bugreport.sun.com/bugreport/crash.jsp
#

---------------  T H R E A D  ---------------

Current thread (0xb6706800):  JavaThread "Unknown thread" [_thread_in_vm, id=4999, stack(0xb6866000,0xb68b7000)]

Stack: [0xb6866000,0xb68b7000],  sp=0xb68b5d90,  free space=319k
Native frames: (J=compiled Java code, j=interpreted, Vv=VM code, C=native code)
V  [libjvm.so+0x720369]  VMError::report_and_die()+0x199
V  [libjvm.so+0x2e8d1c]  report_fatal(char const*, int, char const*)+0x4c
V  [libjvm.so+0x416830]  compute_offset(int&, klassOopDesc*, Symbol*, Symbol*, bool)+0x110
V  [libjvm.so+0x41adc4]  java_lang_String::compute_offsets()+0x44
V  [libjvm.so+0x6b5655]  SystemDictionary::initialize_preloaded_classes(Thread*)+0x225
V  [libjvm.so+0x6fd158]  Universe::genesis(Thread*)+0x3f8
V  [libjvm.so+0x6fd5cf]  universe2_init()+0x1f
V  [libjvm.so+0x3dca60]  init_globals()+0xa0
V  [libjvm.so+0x6e4b49]  Threads::create_vm(JavaVMInitArgs*, bool*)+0x1f9
V  [libjvm.so+0x4243ac]  JNI_CreateJavaVM+0x5c
C  [libjli.so+0x2668]  JavaMain+0x98
C  [libpthread.so.0+0x6d78]  start_thread+0xd8


---------------  P R O C E S S  ---------------

Java Threads: ( => current thread )

Other Threads:

=>0xb6706800 (exited) JavaThread "Unknown thread" [_thread_in_vm, id=4999, stack(0xb6866000,0xb68b7000)]

VM state:not at safepoint (not fully initialized)

VM Mutex/Monitor currently owned by a thread: None

GC Heap History (0 events):
No events

Deoptimization events (0 events):
No events

Internal exceptions (0 events):
No events

Events (10 events):
Event: 0.007 loading class 0xb6731730 done
Event: 0.008 loading class 0xb6731070 done
Event: 0.008 loading class 0xb6731048
Event: 0.008 loading class 0xb6751500
Event: 0.008 loading class 0xb6751500 done
Event: 0.008 loading class 0xb6751538
Event: 0.008 loading class 0xb6751538 done
Event: 0.008 loading class 0xb6751570
Event: 0.008 loading class 0xb6751570 done
Event: 0.008 loading class 0xb6731048 done


Dynamic libraries:
08048000-08049000 r-xp 00000000 08:06 545329     /usr/local/java/jre1.7.0_10/bin/java
08049000-0804a000 rw-p 00000000 08:06 545329     /usr/local/java/jre1.7.0_10/bin/java
08270000-08291000 rw-p 00000000 00:00 0          [heap]
81c68000-81e3c000 rw-p 00000000 00:00 0 
81e3c000-81f13000 r--s 013f2000 08:06 2117262    /home/jpdarago/Documents/SegInf/sdk/platforms/android-19/android.jar
81f13000-83e00000 rw-p 00000000 00:00 0 
83e00000-83e21000 rw-p 00000000 00:00 0 
83e21000-83f00000 ---p 00000000 00:00 0 
83f58000-83f7f000 rw-p 00000000 00:00 0 
83f7f000-83f80000 ---p 00000000 00:00 0 
83f80000-84000000 rw-p 00000000 00:00 0          [stack:5001]
84000000-84021000 rw-p 00000000 00:00 0 
84021000-84100000 ---p 00000000 00:00 0 
8411f000-84120000 ---p 00000000 00:00 0 
84120000-841a8000 rw-p 00000000 00:00 0          [stack:5000]
841a8000-841c0000 rw-p 00000000 00:00 0 
841c0000-841cf000 rw-p 00000000 00:00 0 
841cf000-842a6000 rw-p 00000000 00:00 0 
842a6000-842ae000 rw-p 00000000 00:00 0 
842ae000-842c6000 rw-p 00000000 00:00 0 
842c6000-842d5000 rw-p 00000000 00:00 0 
842d5000-843ac000 rw-p 00000000 00:00 0 
843ac000-843b4000 rw-p 00000000 00:00 0 
843b4000-8441f000 rw-p 00000000 00:00 0 
8441f000-85420000 rw-p 00000000 00:00 0 
85420000-88420000 rw-p 00000000 00:00 0 
88420000-8a0e0000 rw-p 00000000 00:00 0 
8a0e0000-a5020000 rw-p 00000000 00:00 0 
a5020000-a5e80000 rw-p 00000000 00:00 0 
a5e80000-b3620000 rw-p 00000000 00:00 0 
b3627000-b3630000 rw-p 00000000 00:00 0 
b3630000-b36e7000 rw-p 00000000 00:00 0 
b36e7000-b3927000 rwxp 00000000 00:00 0 
b3927000-b66e7000 rw-p 00000000 00:00 0 
b66e7000-b66fc000 r-xp 00000000 08:06 5916854    /lib/i386-linux-gnu/libnsl-2.17.so
b66fc000-b66fd000 r--p 00014000 08:06 5916854    /lib/i386-linux-gnu/libnsl-2.17.so
b66fd000-b66fe000 rw-p 00015000 08:06 5916854    /lib/i386-linux-gnu/libnsl-2.17.so
b66fe000-b6700000 rw-p 00000000 00:00 0 
b6700000-b6763000 rw-p 00000000 00:00 0 
b6763000-b6800000 ---p 00000000 00:00 0 
b6809000-b6814000 r-xp 00000000 08:06 5916857    /lib/i386-linux-gnu/libnss_files-2.17.so
b6814000-b6815000 r--p 0000a000 08:06 5916857    /lib/i386-linux-gnu/libnss_files-2.17.so
b6815000-b6816000 rw-p 0000b000 08:06 5916857    /lib/i386-linux-gnu/libnss_files-2.17.so
b6816000-b6819000 rw-p 00000000 00:00 0 
b6819000-b6830000 r-xp 00000000 08:06 1198459    /usr/local/java/jre1.7.0_10/lib/i386/libzip.so
b6830000-b6831000 rw-p 00017000 08:06 1198459    /usr/local/java/jre1.7.0_10/lib/i386/libzip.so
b6831000-b6839000 rw-s 00000000 08:06 2518439    /tmp/hsperfdata_jpdarago/4994
b6839000-b685c000 r-xp 00000000 08:06 1198422    /usr/local/java/jre1.7.0_10/lib/i386/libjava.so
b685c000-b685d000 rw-p 00023000 08:06 1198422    /usr/local/java/jre1.7.0_10/lib/i386/libjava.so
b685d000-b6864000 r-xp 00000000 08:06 5916867    /lib/i386-linux-gnu/librt-2.17.so
b6864000-b6865000 r--p 00006000 08:06 5916867    /lib/i386-linux-gnu/librt-2.17.so
b6865000-b6866000 rw-p 00007000 08:06 5916867    /lib/i386-linux-gnu/librt-2.17.so
b6866000-b6869000 ---p 00000000 00:00 0 
b6869000-b68b7000 rw-p 00000000 00:00 0          [stack:4999]
b68b7000-b68f8000 r-xp 00000000 08:06 5916864    /lib/i386-linux-gnu/libm-2.17.so
b68f8000-b68f9000 r--p 00040000 08:06 5916864    /lib/i386-linux-gnu/libm-2.17.so
b68f9000-b68fa000 rw-p 00041000 08:06 5916864    /lib/i386-linux-gnu/libm-2.17.so
b68fa000-b70b3000 r-xp 00000000 08:06 1198458    /usr/local/java/jre1.7.0_10/lib/i386/server/libjvm.so
b70b3000-b7105000 rw-p 007b9000 08:06 1198458    /usr/local/java/jre1.7.0_10/lib/i386/server/libjvm.so
b7105000-b7528000 rw-p 00000000 00:00 0 
b7528000-b76d6000 r-xp 00000000 08:06 5916865    /lib/i386-linux-gnu/libc-2.17.so
b76d6000-b76d8000 r--p 001ae000 08:06 5916865    /lib/i386-linux-gnu/libc-2.17.so
b76d8000-b76d9000 rw-p 001b0000 08:06 5916865    /lib/i386-linux-gnu/libc-2.17.so
b76d9000-b76dc000 rw-p 00000000 00:00 0 
b76dc000-b76df000 r-xp 00000000 08:06 5916870    /lib/i386-linux-gnu/libdl-2.17.so
b76df000-b76e0000 r--p 00002000 08:06 5916870    /lib/i386-linux-gnu/libdl-2.17.so
b76e0000-b76e1000 rw-p 00003000 08:06 5916870    /lib/i386-linux-gnu/libdl-2.17.so
b76e1000-b76f4000 r-xp 00000000 08:06 1198426    /usr/local/java/jre1.7.0_10/lib/i386/jli/libjli.so
b76f4000-b76f5000 rw-p 00012000 08:06 1198426    /usr/local/java/jre1.7.0_10/lib/i386/jli/libjli.so
b76f5000-b76f6000 rw-p 00000000 00:00 0 
b76f6000-b770d000 r-xp 00000000 08:06 5916863    /lib/i386-linux-gnu/libpthread-2.17.so
b770d000-b770e000 r--p 00016000 08:06 5916863    /lib/i386-linux-gnu/libpthread-2.17.so
b770e000-b770f000 rw-p 00017000 08:06 5916863    /lib/i386-linux-gnu/libpthread-2.17.so
b770f000-b7711000 rw-p 00000000 00:00 0 
b7711000-b771b000 r-xp 00000000 08:06 5916868    /lib/i386-linux-gnu/libnss_nis-2.17.so
b771b000-b771c000 r--p 00009000 08:06 5916868    /lib/i386-linux-gnu/libnss_nis-2.17.so
b771c000-b771d000 rw-p 0000a000 08:06 5916868    /lib/i386-linux-gnu/libnss_nis-2.17.so
b771d000-b7724000 r-xp 00000000 08:06 5916858    /lib/i386-linux-gnu/libnss_compat-2.17.so
b7724000-b7725000 r--p 00006000 08:06 5916858    /lib/i386-linux-gnu/libnss_compat-2.17.so
b7725000-b7726000 rw-p 00007000 08:06 5916858    /lib/i386-linux-gnu/libnss_compat-2.17.so
b7726000-b7727000 rw-p 00000000 00:00 0 
b7727000-b7728000 r--p 00000000 00:00 0 
b7728000-b7733000 r-xp 00000000 08:06 1198404    /usr/local/java/jre1.7.0_10/lib/i386/libverify.so
b7733000-b7734000 rw-p 0000b000 08:06 1198404    /usr/local/java/jre1.7.0_10/lib/i386/libverify.so
b7734000-b7736000 rw-p 00000000 00:00 0 
b7736000-b7737000 r-xp 00000000 00:00 0          [vdso]
b7737000-b7757000 r-xp 00000000 08:06 5916866    /lib/i386-linux-gnu/ld-2.17.so
b7757000-b7758000 r--p 0001f000 08:06 5916866    /lib/i386-linux-gnu/ld-2.17.so
b7758000-b7759000 rw-p 00020000 08:06 5916866    /lib/i386-linux-gnu/ld-2.17.so
bff16000-bff37000 rw-p 00000000 00:00 0          [stack]

VM Arguments:
jvm_args: -Dfile.encoding=UTF-8 -Xbootclasspath:/home/jpdarago/Documents/SegInf/sdk/platforms/android-19/android.jar 
java_command: com.seginf.supersafeapp.RansomwareHandler
Launcher Type: SUN_STANDARD

Environment Variables:
JAVA_HOME=/usr/local/java/jdk1.7.0_10
JRE_HOME=/usr/local/java/jre1.7.0_10
PATH=/home/jpdarago/IntelliJ/bin:/home/jpdarago/bochs/bin:/home/jpdarago/bin:/usr/lib/lightdm/lightdm:/usr/local/sbin:/usr/local/bin:/usr/sbin:/usr/bin:/sbin:/bin:/usr/games:/usr/local/games:/home/jpdarago/bin:/usr/local/java/jdk1.7.0_10/bin:/home/jpdarago/bin:/usr/local/java/jre1.7.0_10/bin:/home/jpdarago/bochs/bin:/home/jpdarago/bin:/usr/lib/lightdm/lightdm:/usr/local/sbin:/usr/local/bin:/usr/sbin:/usr/bin:/sbin:/bin:/usr/games:/usr/local/games:/home/jpdarago/bin:/usr/local/java/jdk1.7.0_10/bin:/home/jpdarago/bin:/usr/local/java/jre1.7.0_10/bin:/usr/local/go/bin:/home/jpdarago/gocode/bin
LD_LIBRARY_PATH=/usr/local/java/jre1.7.0_10/lib/i386/server:/usr/local/java/jre1.7.0_10/lib/i386:/usr/local/java/jre1.7.0_10/../lib/i386:/usr/local/java/jre1.7.0_10/lib/i386/client:/usr/local/java/jre1.7.0_10/lib/i386:
SHELL=/usr/bin/zsh
DISPLAY=:0

Signal Handlers:
SIGSEGV: [libjvm.so+0x720eb0], sa_mask[0]=0x7ffbfeff, sa_flags=0x10000004
SIGBUS: [libjvm.so+0x720eb0], sa_mask[0]=0x7ffbfeff, sa_flags=0x10000004
SIGFPE: [libjvm.so+0x5d9d00], sa_mask[0]=0x7ffbfeff, sa_flags=0x10000004
SIGPIPE: [libjvm.so+0x5d9d00], sa_mask[0]=0x7ffbfeff, sa_flags=0x10000004
SIGXFSZ: [libjvm.so+0x5d9d00], sa_mask[0]=0x7ffbfeff, sa_flags=0x10000004
SIGILL: [libjvm.so+0x5d9d00], sa_mask[0]=0x7ffbfeff, sa_flags=0x10000004
SIGUSR1: SIG_DFL, sa_mask[0]=0x00000000, sa_flags=0x00000000
SIGUSR2: [libjvm.so+0x5d95e0], sa_mask[0]=0x00000004, sa_flags=0x10000004
SIGHUP: SIG_DFL, sa_mask[0]=0x00000000, sa_flags=0x00000000
SIGINT: SIG_DFL, sa_mask[0]=0x00000000, sa_flags=0x00000000
SIGTERM: SIG_DFL, sa_mask[0]=0x00000000, sa_flags=0x00000000
SIGQUIT: SIG_DFL, sa_mask[0]=0x00000000, sa_flags=0x00000000


---------------  S Y S T E M  ---------------

OS:wheezy/sid

uname:Linux 3.8.0-33-generic #48-Ubuntu SMP Wed Oct 23 17:26:34 UTC 2013 i686
libc:glibc 2.17 NPTL 2.17 
rlimit: STACK 8192k, CORE 0k, NPROC 21946, NOFILE 4096, AS infinity
load average:0.62 0.36 0.39

/proc/meminfo:
MemTotal:        2825704 kB
MemFree:          173972 kB
Buffers:          137096 kB
Cached:           822212 kB
SwapCached:            0 kB
Active:          1558364 kB
Inactive:         919296 kB
Active(anon):    1158840 kB
Inactive(anon):   532484 kB
Active(file):     399524 kB
Inactive(file):   386812 kB
Unevictable:          48 kB
Mlocked:              48 kB
HighTotal:       1952256 kB
HighFree:          32364 kB
LowTotal:         873448 kB
LowFree:          141608 kB
SwapTotal:       5723128 kB
SwapFree:        5714176 kB
Dirty:               320 kB
Writeback:             0 kB
AnonPages:       1518528 kB
Mapped:           217764 kB
Shmem:            172972 kB
Slab:             137172 kB
SReclaimable:     118572 kB
SUnreclaim:        18600 kB
KernelStack:        4464 kB
PageTables:        15992 kB
NFS_Unstable:          0 kB
Bounce:                0 kB
WritebackTmp:          0 kB
CommitLimit:     7135980 kB
Committed_AS:    5291284 kB
VmallocTotal:     122880 kB
VmallocUsed:       16172 kB
VmallocChunk:     104364 kB
HardwareCorrupted:     0 kB
AnonHugePages:         0 kB
HugePages_Total:       0
HugePages_Free:        0
HugePages_Rsvd:        0
HugePages_Surp:        0
Hugepagesize:       2048 kB
DirectMap4k:       10232 kB
DirectMap2M:      903168 kB


CPU:total 2 (2 cores per cpu, 1 threads per core) family 6 model 37 stepping 5, cmov, cx8, fxsr, mmx, sse, sse2, sse3, ssse3, popcnt, tsc, tscinvbit

/proc/cpuinfo:
processor	: 0
vendor_id	: GenuineIntel
cpu family	: 6
model		: 37
model name	: Intel(R) Pentium(R) CPU        P6100  @ 2.00GHz
stepping	: 5
microcode	: 0x2
cpu MHz		: 1999.000
cache size	: 3072 KB
physical id	: 0
siblings	: 2
core id		: 0
cpu cores	: 2
apicid		: 0
initial apicid	: 0
fdiv_bug	: no
hlt_bug		: no
f00f_bug	: no
coma_bug	: no
fpu		: yes
fpu_exception	: yes
cpuid level	: 11
wp		: yes
flags		: fpu vme de pse tsc msr pae mce cx8 apic sep mtrr pge mca cmov pat pse36 clflush dts acpi mmx fxsr sse sse2 ss ht tm pbe nx rdtscp lm constant_tsc arch_perfmon pebs bts xtopology nonstop_tsc aperfmperf pni dtes64 monitor ds_cpl est tm2 ssse3 cx16 xtpr pdcm pcid popcnt lahf_lm arat dtherm
bogomips	: 3989.97
clflush size	: 64
cache_alignment	: 64
address sizes	: 36 bits physical, 48 bits virtual
power management:

processor	: 1
vendor_id	: GenuineIntel
cpu family	: 6
model		: 37
model name	: Intel(R) Pentium(R) CPU        P6100  @ 2.00GHz
stepping	: 5
microcode	: 0x2
cpu MHz		: 1999.000
cache size	: 3072 KB
physical id	: 0
siblings	: 2
core id		: 2
cpu cores	: 2
apicid		: 4
initial apicid	: 4
fdiv_bug	: no
hlt_bug		: no
f00f_bug	: no
coma_bug	: no
fpu		: yes
fpu_exception	: yes
cpuid level	: 11
wp		: yes
flags		: fpu vme de pse tsc msr pae mce cx8 apic sep mtrr pge mca cmov pat pse36 clflush dts acpi mmx fxsr sse sse2 ss ht tm pbe nx rdtscp lm constant_tsc arch_perfmon pebs bts xtopology nonstop_tsc aperfmperf pni dtes64 monitor ds_cpl est tm2 ssse3 cx16 xtpr pdcm pcid popcnt lahf_lm arat dtherm
bogomips	: 3989.97
clflush size	: 64
cache_alignment	: 64
address sizes	: 36 bits physical, 48 bits virtual
power management:



Memory: 4k page, physical 2825704k(173972k free), swap 5723128k(5714176k free)

vm_info: Java HotSpot(TM) Server VM (23.6-b04) for linux-x86 JRE (1.7.0_10-b18), built on Nov 28 2012 04:28:35 by "java_re" with gcc 4.3.0 20080428 (Red Hat 4.3.0-8)

time: Tue Nov 26 15:59:27 2013
elapsed time: 0 seconds

