#
# A fatal error has been detected by the Java Runtime Environment:
#
#  Internal Error (javaClasses.cpp:129), pid=4622, tid=3062266688
#  fatal error: Invalid layout of preloaded class
#
# JRE version: 7.0_10-b18
# Java VM: Java HotSpot(TM) Server VM (23.6-b04 mixed mode linux-x86 )
# Failed to write core dump. Core dumps have been disabled. To enable core dumping, try "ulimit -c unlimited" before starting Java again
#
# If you would like to submit a bug report, please visit:
#   http://bugreport.sun.com/bugreport/crash.jsp
#

---------------  T H R E A D  ---------------

Current thread (0xb6706c00):  JavaThread "Unknown thread" [_thread_in_vm, id=4625, stack(0xb6817000,0xb6868000)]

Stack: [0xb6817000,0xb6868000],  sp=0xb6866d90,  free space=319k
Native frames: (J=compiled Java code, j=interpreted, Vv=VM code, C=native code)
V  [libjvm.so+0x720369]  VMError::report_and_die()+0x199
V  [libjvm.so+0x2e8d1c]  report_fatal(char const*, int, char const*)+0x4c
V  [libjvm.so+0x416830]  compute_offset(int&, klassOopDesc*, Symbol*, Symbol*, bool)+0x110
V  [libjvm.so+0x41adc4]  java_lang_String::compute_offsets()+0x44
V  [libjvm.so+0x6b5655]  SystemDictionary::initialize_preloaded_classes(Thread*)+0x225
V  [libjvm.so+0x6fd158]  Universe::genesis(Thread*)+0x3f8
V  [libjvm.so+0x6fd5cf]  universe2_init()+0x1f
V  [libjvm.so+0x3dca60]  init_globals()+0xa0
V  [libjvm.so+0x6e4b49]  Threads::create_vm(JavaVMInitArgs*, bool*)+0x1f9
V  [libjvm.so+0x4243ac]  JNI_CreateJavaVM+0x5c
C  [libjli.so+0x2668]  JavaMain+0x98
C  [libpthread.so.0+0x6d78]  start_thread+0xd8


---------------  P R O C E S S  ---------------

Java Threads: ( => current thread )

Other Threads:

=>0xb6706c00 (exited) JavaThread "Unknown thread" [_thread_in_vm, id=4625, stack(0xb6817000,0xb6868000)]

VM state:not at safepoint (not fully initialized)

VM Mutex/Monitor currently owned by a thread: None

GC Heap History (0 events):
No events

Deoptimization events (0 events):
No events

Internal exceptions (0 events):
No events

Events (10 events):
Event: 0.007 loading class 0xb6731a40 done
Event: 0.008 loading class 0xb6731380 done
Event: 0.008 loading class 0xb6731358
Event: 0.008 loading class 0xb6751810
Event: 0.008 loading class 0xb6751810 done
Event: 0.008 loading class 0xb6751848
Event: 0.008 loading class 0xb6751848 done
Event: 0.008 loading class 0xb6751880
Event: 0.008 loading class 0xb6751880 done
Event: 0.008 loading class 0xb6731358 done


Dynamic libraries:
08048000-08049000 r-xp 00000000 08:06 545329     /usr/local/java/jre1.7.0_10/bin/java
08049000-0804a000 rw-p 00000000 08:06 545329     /usr/local/java/jre1.7.0_10/bin/java
09799000-097ba000 rw-p 00000000 00:00 0          [heap]
81c3f000-83d00000 rw-p 00000000 00:00 0 
83d00000-83d21000 rw-p 00000000 00:00 0 
83d21000-83e00000 ---p 00000000 00:00 0 
83e29000-83f00000 r--s 013f2000 08:06 2117262    /home/jpdarago/Documents/SegInf/sdk/platforms/android-19/android.jar
83f00000-83f21000 rw-p 00000000 00:00 0 
83f21000-84000000 ---p 00000000 00:00 0 
84037000-8405e000 rw-p 00000000 00:00 0 
8405e000-8405f000 ---p 00000000 00:00 0 
8405f000-840df000 rw-p 00000000 00:00 0          [stack:4627]
840df000-840e0000 ---p 00000000 00:00 0 
840e0000-84168000 rw-p 00000000 00:00 0          [stack:4626]
84168000-84180000 rw-p 00000000 00:00 0 
84180000-8418f000 rw-p 00000000 00:00 0 
8418f000-84266000 rw-p 00000000 00:00 0 
84266000-8426e000 rw-p 00000000 00:00 0 
8426e000-84286000 rw-p 00000000 00:00 0 
84286000-84295000 rw-p 00000000 00:00 0 
84295000-8436c000 rw-p 00000000 00:00 0 
8436c000-84374000 rw-p 00000000 00:00 0 
84374000-843df000 rw-p 00000000 00:00 0 
843df000-853e0000 rw-p 00000000 00:00 0 
853e0000-883e0000 rw-p 00000000 00:00 0 
883e0000-8a0a0000 rw-p 00000000 00:00 0 
8a0a0000-a4fe0000 rw-p 00000000 00:00 0 
a4fe0000-a5e40000 rw-p 00000000 00:00 0 
a5e40000-b35e0000 rw-p 00000000 00:00 0 
b35e0000-b35e9000 rw-p 00000000 00:00 0 
b35e9000-b36a0000 rw-p 00000000 00:00 0 
b36a0000-b38e0000 rwxp 00000000 00:00 0 
b38e0000-b66a0000 rw-p 00000000 00:00 0 
b66a0000-b66b5000 r-xp 00000000 08:06 5916854    /lib/i386-linux-gnu/libnsl-2.17.so
b66b5000-b66b6000 r--p 00014000 08:06 5916854    /lib/i386-linux-gnu/libnsl-2.17.so
b66b6000-b66b7000 rw-p 00015000 08:06 5916854    /lib/i386-linux-gnu/libnsl-2.17.so
b66b7000-b66b9000 rw-p 00000000 00:00 0 
b66ba000-b66bc000 rw-p 00000000 00:00 0 
b66bc000-b66d3000 r-xp 00000000 08:06 1198459    /usr/local/java/jre1.7.0_10/lib/i386/libzip.so
b66d3000-b66d4000 rw-p 00017000 08:06 1198459    /usr/local/java/jre1.7.0_10/lib/i386/libzip.so
b66d4000-b66dc000 rw-s 00000000 08:06 2518440    /tmp/hsperfdata_jpdarago/4622
b66dc000-b66ff000 r-xp 00000000 08:06 1198422    /usr/local/java/jre1.7.0_10/lib/i386/libjava.so
b66ff000-b6700000 rw-p 00023000 08:06 1198422    /usr/local/java/jre1.7.0_10/lib/i386/libjava.so
b6700000-b6763000 rw-p 00000000 00:00 0 
b6763000-b6800000 ---p 00000000 00:00 0 
b6800000-b6801000 rw-p 00000000 00:00 0 
b6801000-b680c000 r-xp 00000000 08:06 5916857    /lib/i386-linux-gnu/libnss_files-2.17.so
b680c000-b680d000 r--p 0000a000 08:06 5916857    /lib/i386-linux-gnu/libnss_files-2.17.so
b680d000-b680e000 rw-p 0000b000 08:06 5916857    /lib/i386-linux-gnu/libnss_files-2.17.so
b680e000-b6815000 r-xp 00000000 08:06 5916867    /lib/i386-linux-gnu/librt-2.17.so
b6815000-b6816000 r--p 00006000 08:06 5916867    /lib/i386-linux-gnu/librt-2.17.so
b6816000-b6817000 rw-p 00007000 08:06 5916867    /lib/i386-linux-gnu/librt-2.17.so
b6817000-b681a000 ---p 00000000 00:00 0 
b681a000-b6868000 rw-p 00000000 00:00 0          [stack:4625]
b6868000-b68a9000 r-xp 00000000 08:06 5916864    /lib/i386-linux-gnu/libm-2.17.so
b68a9000-b68aa000 r--p 00040000 08:06 5916864    /lib/i386-linux-gnu/libm-2.17.so
b68aa000-b68ab000 rw-p 00041000 08:06 5916864    /lib/i386-linux-gnu/libm-2.17.so
b68ab000-b7064000 r-xp 00000000 08:06 1198458    /usr/local/java/jre1.7.0_10/lib/i386/server/libjvm.so
b7064000-b70b6000 rw-p 007b9000 08:06 1198458    /usr/local/java/jre1.7.0_10/lib/i386/server/libjvm.so
b70b6000-b74d9000 rw-p 00000000 00:00 0 
b74d9000-b7687000 r-xp 00000000 08:06 5916865    /lib/i386-linux-gnu/libc-2.17.so
b7687000-b7689000 r--p 001ae000 08:06 5916865    /lib/i386-linux-gnu/libc-2.17.so
b7689000-b768a000 rw-p 001b0000 08:06 5916865    /lib/i386-linux-gnu/libc-2.17.so
b768a000-b768d000 rw-p 00000000 00:00 0 
b768d000-b7690000 r-xp 00000000 08:06 5916870    /lib/i386-linux-gnu/libdl-2.17.so
b7690000-b7691000 r--p 00002000 08:06 5916870    /lib/i386-linux-gnu/libdl-2.17.so
b7691000-b7692000 rw-p 00003000 08:06 5916870    /lib/i386-linux-gnu/libdl-2.17.so
b7692000-b76a5000 r-xp 00000000 08:06 1198426    /usr/local/java/jre1.7.0_10/lib/i386/jli/libjli.so
b76a5000-b76a6000 rw-p 00012000 08:06 1198426    /usr/local/java/jre1.7.0_10/lib/i386/jli/libjli.so
b76a6000-b76a7000 rw-p 00000000 00:00 0 
b76a7000-b76be000 r-xp 00000000 08:06 5916863    /lib/i386-linux-gnu/libpthread-2.17.so
b76be000-b76bf000 r--p 00016000 08:06 5916863    /lib/i386-linux-gnu/libpthread-2.17.so
b76bf000-b76c0000 rw-p 00017000 08:06 5916863    /lib/i386-linux-gnu/libpthread-2.17.so
b76c0000-b76c2000 rw-p 00000000 00:00 0 
b76c2000-b76cc000 r-xp 00000000 08:06 5916868    /lib/i386-linux-gnu/libnss_nis-2.17.so
b76cc000-b76cd000 r--p 00009000 08:06 5916868    /lib/i386-linux-gnu/libnss_nis-2.17.so
b76cd000-b76ce000 rw-p 0000a000 08:06 5916868    /lib/i386-linux-gnu/libnss_nis-2.17.so
b76ce000-b76d5000 r-xp 00000000 08:06 5916858    /lib/i386-linux-gnu/libnss_compat-2.17.so
b76d5000-b76d6000 r--p 00006000 08:06 5916858    /lib/i386-linux-gnu/libnss_compat-2.17.so
b76d6000-b76d7000 rw-p 00007000 08:06 5916858    /lib/i386-linux-gnu/libnss_compat-2.17.so
b76d7000-b76d8000 rw-p 00000000 00:00 0 
b76d8000-b76d9000 r--p 00000000 00:00 0 
b76d9000-b76e4000 r-xp 00000000 08:06 1198404    /usr/local/java/jre1.7.0_10/lib/i386/libverify.so
b76e4000-b76e5000 rw-p 0000b000 08:06 1198404    /usr/local/java/jre1.7.0_10/lib/i386/libverify.so
b76e5000-b76e7000 rw-p 00000000 00:00 0 
b76e7000-b76e8000 r-xp 00000000 00:00 0          [vdso]
b76e8000-b7708000 r-xp 00000000 08:06 5916866    /lib/i386-linux-gnu/ld-2.17.so
b7708000-b7709000 r--p 0001f000 08:06 5916866    /lib/i386-linux-gnu/ld-2.17.so
b7709000-b770a000 rw-p 00020000 08:06 5916866    /lib/i386-linux-gnu/ld-2.17.so
bff5b000-bff7c000 rw-p 00000000 00:00 0          [stack]

VM Arguments:
jvm_args: -Dfile.encoding=UTF-8 -Xbootclasspath:/home/jpdarago/Documents/SegInf/sdk/platforms/android-19/android.jar 
java_command: org.eclipse.jdt.internal.junit.runner.RemoteTestRunner -version 3 -port 35887 -testLoaderClass org.eclipse.jdt.internal.junit4.runner.JUnit4TestLoader -loaderpluginname org.eclipse.jdt.junit4.runtime -classNames com.seginf.supersafeapp.ListPresenterTest
Launcher Type: SUN_STANDARD

Environment Variables:
JAVA_HOME=/usr/local/java/jdk1.7.0_10
JRE_HOME=/usr/local/java/jre1.7.0_10
PATH=/home/jpdarago/bochs/bin:/home/jpdarago/bin:/usr/lib/lightdm/lightdm:/usr/local/sbin:/usr/local/bin:/usr/sbin:/usr/bin:/sbin:/bin:/usr/games:/usr/local/games:/home/jpdarago/bin:/usr/local/java/jdk1.7.0_10/bin:/home/jpdarago/bin:/usr/local/java/jre1.7.0_10/bin
LD_LIBRARY_PATH=/usr/local/java/jre1.7.0_10/lib/i386/server:/usr/local/java/jre1.7.0_10/lib/i386:/usr/local/java/jre1.7.0_10/../lib/i386:/usr/local/java/jre1.7.0_10/lib/i386/client:/usr/local/java/jre1.7.0_10/lib/i386:
SHELL=/usr/bin/zsh
DISPLAY=:0.0

Signal Handlers:
SIGSEGV: [libjvm.so+0x720eb0], sa_mask[0]=0x7ffbfeff, sa_flags=0x10000004
SIGBUS: [libjvm.so+0x720eb0], sa_mask[0]=0x7ffbfeff, sa_flags=0x10000004
SIGFPE: [libjvm.so+0x5d9d00], sa_mask[0]=0x7ffbfeff, sa_flags=0x10000004
SIGPIPE: [libjvm.so+0x5d9d00], sa_mask[0]=0x7ffbfeff, sa_flags=0x10000004
SIGXFSZ: [libjvm.so+0x5d9d00], sa_mask[0]=0x7ffbfeff, sa_flags=0x10000004
SIGILL: [libjvm.so+0x5d9d00], sa_mask[0]=0x7ffbfeff, sa_flags=0x10000004
SIGUSR1: SIG_DFL, sa_mask[0]=0x00000000, sa_flags=0x00000000
SIGUSR2: [libjvm.so+0x5d95e0], sa_mask[0]=0x00000004, sa_flags=0x10000004
SIGHUP: SIG_DFL, sa_mask[0]=0x00000000, sa_flags=0x00000000
SIGINT: SIG_DFL, sa_mask[0]=0x00000000, sa_flags=0x00000000
SIGTERM: SIG_DFL, sa_mask[0]=0x00000000, sa_flags=0x00000000
SIGQUIT: SIG_DFL, sa_mask[0]=0x00000000, sa_flags=0x00000000


---------------  S Y S T E M  ---------------

OS:wheezy/sid

uname:Linux 3.8.0-33-generic #48-Ubuntu SMP Wed Oct 23 17:26:34 UTC 2013 i686
libc:glibc 2.17 NPTL 2.17 
rlimit: STACK 8192k, CORE 0k, NPROC 21946, NOFILE 4096, AS infinity
load average:0.50 0.39 0.48

/proc/meminfo:
MemTotal:        2825704 kB
MemFree:          170236 kB
Buffers:          142076 kB
Cached:           977256 kB
SwapCached:           40 kB
Active:          1323180 kB
Inactive:        1152388 kB
Active(anon):     844364 kB
Inactive(anon):   676488 kB
Active(file):     478816 kB
Inactive(file):   475900 kB
Unevictable:          32 kB
Mlocked:              32 kB
HighTotal:       1952256 kB
HighFree:          24552 kB
LowTotal:         873448 kB
LowFree:          145684 kB
SwapTotal:       5723128 kB
SwapFree:        5717644 kB
Dirty:               268 kB
Writeback:             0 kB
AnonPages:       1356240 kB
Mapped:           221852 kB
Shmem:            164616 kB
Slab:             144880 kB
SReclaimable:     127704 kB
SUnreclaim:        17176 kB
KernelStack:        4144 kB
PageTables:        13124 kB
NFS_Unstable:          0 kB
Bounce:                0 kB
WritebackTmp:          0 kB
CommitLimit:     7135980 kB
Committed_AS:    4687396 kB
VmallocTotal:     122880 kB
VmallocUsed:       16200 kB
VmallocChunk:     104316 kB
HardwareCorrupted:     0 kB
AnonHugePages:         0 kB
HugePages_Total:       0
HugePages_Free:        0
HugePages_Rsvd:        0
HugePages_Surp:        0
Hugepagesize:       2048 kB
DirectMap4k:       10232 kB
DirectMap2M:      903168 kB


CPU:total 2 (2 cores per cpu, 1 threads per core) family 6 model 37 stepping 5, cmov, cx8, fxsr, mmx, sse, sse2, sse3, ssse3, popcnt, tsc, tscinvbit

/proc/cpuinfo:
processor	: 0
vendor_id	: GenuineIntel
cpu family	: 6
model		: 37
model name	: Intel(R) Pentium(R) CPU        P6100  @ 2.00GHz
stepping	: 5
microcode	: 0x2
cpu MHz		: 1999.000
cache size	: 3072 KB
physical id	: 0
siblings	: 2
core id		: 0
cpu cores	: 2
apicid		: 0
initial apicid	: 0
fdiv_bug	: no
hlt_bug		: no
f00f_bug	: no
coma_bug	: no
fpu		: yes
fpu_exception	: yes
cpuid level	: 11
wp		: yes
flags		: fpu vme de pse tsc msr pae mce cx8 apic sep mtrr pge mca cmov pat pse36 clflush dts acpi mmx fxsr sse sse2 ss ht tm pbe nx rdtscp lm constant_tsc arch_perfmon pebs bts xtopology nonstop_tsc aperfmperf pni dtes64 monitor ds_cpl est tm2 ssse3 cx16 xtpr pdcm pcid popcnt lahf_lm arat dtherm
bogomips	: 3989.90
clflush size	: 64
cache_alignment	: 64
address sizes	: 36 bits physical, 48 bits virtual
power management:

processor	: 1
vendor_id	: GenuineIntel
cpu family	: 6
model		: 37
model name	: Intel(R) Pentium(R) CPU        P6100  @ 2.00GHz
stepping	: 5
microcode	: 0x2
cpu MHz		: 1999.000
cache size	: 3072 KB
physical id	: 0
siblings	: 2
core id		: 2
cpu cores	: 2
apicid		: 4
initial apicid	: 4
fdiv_bug	: no
hlt_bug		: no
f00f_bug	: no
coma_bug	: no
fpu		: yes
fpu_exception	: yes
cpuid level	: 11
wp		: yes
flags		: fpu vme de pse tsc msr pae mce cx8 apic sep mtrr pge mca cmov pat pse36 clflush dts acpi mmx fxsr sse sse2 ss ht tm pbe nx rdtscp lm constant_tsc arch_perfmon pebs bts xtopology nonstop_tsc aperfmperf pni dtes64 monitor ds_cpl est tm2 ssse3 cx16 xtpr pdcm pcid popcnt lahf_lm arat dtherm
bogomips	: 3989.90
clflush size	: 64
cache_alignment	: 64
address sizes	: 36 bits physical, 48 bits virtual
power management:



Memory: 4k page, physical 2825704k(170236k free), swap 5723128k(5717644k free)

vm_info: Java HotSpot(TM) Server VM (23.6-b04) for linux-x86 JRE (1.7.0_10-b18), built on Nov 28 2012 04:28:35 by "java_re" with gcc 4.3.0 20080428 (Red Hat 4.3.0-8)

time: Fri Nov 29 16:33:59 2013
elapsed time: 0 seconds

