#
# A fatal error has been detected by the Java Runtime Environment:
#
#  Internal Error (javaClasses.cpp:129), pid=6290, tid=3062819648
#  fatal error: Invalid layout of preloaded class
#
# JRE version: 7.0_10-b18
# Java VM: Java HotSpot(TM) Server VM (23.6-b04 mixed mode linux-x86 )
# Failed to write core dump. Core dumps have been disabled. To enable core dumping, try "ulimit -c unlimited" before starting Java again
#
# If you would like to submit a bug report, please visit:
#   http://bugreport.sun.com/bugreport/crash.jsp
#

---------------  T H R E A D  ---------------

Current thread (0xb6706400):  JavaThread "Unknown thread" [_thread_in_vm, id=6295, stack(0xb689e000,0xb68ef000)]

Stack: [0xb689e000,0xb68ef000],  sp=0xb68edd90,  free space=319k
Native frames: (J=compiled Java code, j=interpreted, Vv=VM code, C=native code)
V  [libjvm.so+0x720369]  VMError::report_and_die()+0x199
V  [libjvm.so+0x2e8d1c]  report_fatal(char const*, int, char const*)+0x4c
V  [libjvm.so+0x416830]  compute_offset(int&, klassOopDesc*, Symbol*, Symbol*, bool)+0x110
V  [libjvm.so+0x41adc4]  java_lang_String::compute_offsets()+0x44
V  [libjvm.so+0x6b5655]  SystemDictionary::initialize_preloaded_classes(Thread*)+0x225
V  [libjvm.so+0x6fd158]  Universe::genesis(Thread*)+0x3f8
V  [libjvm.so+0x6fd5cf]  universe2_init()+0x1f
V  [libjvm.so+0x3dca60]  init_globals()+0xa0
V  [libjvm.so+0x6e4b49]  Threads::create_vm(JavaVMInitArgs*, bool*)+0x1f9
V  [libjvm.so+0x4243ac]  JNI_CreateJavaVM+0x5c
C  [libjli.so+0x2668]  JavaMain+0x98
C  [libpthread.so.0+0x6d78]  start_thread+0xd8


---------------  P R O C E S S  ---------------

Java Threads: ( => current thread )

Other Threads:

=>0xb6706400 (exited) JavaThread "Unknown thread" [_thread_in_vm, id=6295, stack(0xb689e000,0xb68ef000)]

VM state:not at safepoint (not fully initialized)

VM Mutex/Monitor currently owned by a thread: None

GC Heap History (0 events):
No events

Deoptimization events (0 events):
No events

Internal exceptions (0 events):
No events

Events (10 events):
Event: 0.134 loading class 0xb6731540 done
Event: 0.135 loading class 0xb6730e80 done
Event: 0.135 loading class 0xb6730e58
Event: 0.135 loading class 0xb6751310
Event: 0.135 loading class 0xb6751310 done
Event: 0.135 loading class 0xb6751348
Event: 0.135 loading class 0xb6751348 done
Event: 0.135 loading class 0xb6751380
Event: 0.135 loading class 0xb6751380 done
Event: 0.135 loading class 0xb6730e58 done


Dynamic libraries:
08048000-08049000 r-xp 00000000 08:06 545329     /usr/local/java/jre1.7.0_10/bin/java
08049000-0804a000 rw-p 00000000 08:06 545329     /usr/local/java/jre1.7.0_10/bin/java
08f8d000-08fae000 rw-p 00000000 00:00 0          [heap]
81c68000-81e3c000 rw-p 00000000 00:00 0 
81e3c000-81f13000 r--s 013f2000 08:06 2117262    /home/jpdarago/Documents/SegInf/sdk/platforms/android-19/android.jar
81f13000-83e00000 rw-p 00000000 00:00 0 
83e00000-83e21000 rw-p 00000000 00:00 0 
83e21000-83f00000 ---p 00000000 00:00 0 
83f7f000-83f80000 ---p 00000000 00:00 0 
83f80000-84000000 rw-p 00000000 00:00 0          [stack:6297]
84000000-84021000 rw-p 00000000 00:00 0 
84021000-84100000 ---p 00000000 00:00 0 
84138000-8415f000 rw-p 00000000 00:00 0 
8415f000-84160000 ---p 00000000 00:00 0 
84160000-841ef000 rw-p 00000000 00:00 0          [stack:6296]
841ef000-842c6000 rw-p 00000000 00:00 0 
842c6000-842ce000 rw-p 00000000 00:00 0 
842ce000-842e6000 rw-p 00000000 00:00 0 
842e6000-842f5000 rw-p 00000000 00:00 0 
842f5000-843cc000 rw-p 00000000 00:00 0 
843cc000-843d4000 rw-p 00000000 00:00 0 
843d4000-8443f000 rw-p 00000000 00:00 0 
8443f000-85440000 rw-p 00000000 00:00 0 
85440000-88440000 rw-p 00000000 00:00 0 
88440000-8a100000 rw-p 00000000 00:00 0 
8a100000-a5040000 rw-p 00000000 00:00 0 
a5040000-a5ea0000 rw-p 00000000 00:00 0 
a5ea0000-b3640000 rw-p 00000000 00:00 0 
b3640000-b3649000 rw-p 00000000 00:00 0 
b3649000-b3700000 rw-p 00000000 00:00 0 
b3700000-b3940000 rwxp 00000000 00:00 0 
b3940000-b6763000 rw-p 00000000 00:00 0 
b6763000-b6800000 ---p 00000000 00:00 0 
b6808000-b6810000 rw-p 00000000 00:00 0 
b6810000-b6828000 rw-p 00000000 00:00 0 
b6828000-b6833000 r-xp 00000000 08:06 5916857    /lib/i386-linux-gnu/libnss_files-2.17.so
b6833000-b6834000 r--p 0000a000 08:06 5916857    /lib/i386-linux-gnu/libnss_files-2.17.so
b6834000-b6835000 rw-p 0000b000 08:06 5916857    /lib/i386-linux-gnu/libnss_files-2.17.so
b6835000-b684a000 r-xp 00000000 08:06 5916854    /lib/i386-linux-gnu/libnsl-2.17.so
b684a000-b684b000 r--p 00014000 08:06 5916854    /lib/i386-linux-gnu/libnsl-2.17.so
b684b000-b684c000 rw-p 00015000 08:06 5916854    /lib/i386-linux-gnu/libnsl-2.17.so
b684c000-b6851000 rw-p 00000000 00:00 0 
b6851000-b6868000 r-xp 00000000 08:06 1198459    /usr/local/java/jre1.7.0_10/lib/i386/libzip.so
b6868000-b6869000 rw-p 00017000 08:06 1198459    /usr/local/java/jre1.7.0_10/lib/i386/libzip.so
b6869000-b6871000 rw-s 00000000 08:06 2536211    /tmp/hsperfdata_jpdarago/6290
b6871000-b6894000 r-xp 00000000 08:06 1198422    /usr/local/java/jre1.7.0_10/lib/i386/libjava.so
b6894000-b6895000 rw-p 00023000 08:06 1198422    /usr/local/java/jre1.7.0_10/lib/i386/libjava.so
b6895000-b689c000 r-xp 00000000 08:06 5916867    /lib/i386-linux-gnu/librt-2.17.so
b689c000-b689d000 r--p 00006000 08:06 5916867    /lib/i386-linux-gnu/librt-2.17.so
b689d000-b689e000 rw-p 00007000 08:06 5916867    /lib/i386-linux-gnu/librt-2.17.so
b689e000-b68a1000 ---p 00000000 00:00 0 
b68a1000-b68ef000 rw-p 00000000 00:00 0          [stack:6295]
b68ef000-b6930000 r-xp 00000000 08:06 5916864    /lib/i386-linux-gnu/libm-2.17.so
b6930000-b6931000 r--p 00040000 08:06 5916864    /lib/i386-linux-gnu/libm-2.17.so
b6931000-b6932000 rw-p 00041000 08:06 5916864    /lib/i386-linux-gnu/libm-2.17.so
b6932000-b70eb000 r-xp 00000000 08:06 1198458    /usr/local/java/jre1.7.0_10/lib/i386/server/libjvm.so
b70eb000-b713d000 rw-p 007b9000 08:06 1198458    /usr/local/java/jre1.7.0_10/lib/i386/server/libjvm.so
b713d000-b7560000 rw-p 00000000 00:00 0 
b7560000-b770e000 r-xp 00000000 08:06 5916865    /lib/i386-linux-gnu/libc-2.17.so
b770e000-b7710000 r--p 001ae000 08:06 5916865    /lib/i386-linux-gnu/libc-2.17.so
b7710000-b7711000 rw-p 001b0000 08:06 5916865    /lib/i386-linux-gnu/libc-2.17.so
b7711000-b7714000 rw-p 00000000 00:00 0 
b7714000-b7717000 r-xp 00000000 08:06 5916870    /lib/i386-linux-gnu/libdl-2.17.so
b7717000-b7718000 r--p 00002000 08:06 5916870    /lib/i386-linux-gnu/libdl-2.17.so
b7718000-b7719000 rw-p 00003000 08:06 5916870    /lib/i386-linux-gnu/libdl-2.17.so
b7719000-b772c000 r-xp 00000000 08:06 1198426    /usr/local/java/jre1.7.0_10/lib/i386/jli/libjli.so
b772c000-b772d000 rw-p 00012000 08:06 1198426    /usr/local/java/jre1.7.0_10/lib/i386/jli/libjli.so
b772d000-b772e000 rw-p 00000000 00:00 0 
b772e000-b7745000 r-xp 00000000 08:06 5916863    /lib/i386-linux-gnu/libpthread-2.17.so
b7745000-b7746000 r--p 00016000 08:06 5916863    /lib/i386-linux-gnu/libpthread-2.17.so
b7746000-b7747000 rw-p 00017000 08:06 5916863    /lib/i386-linux-gnu/libpthread-2.17.so
b7747000-b7749000 rw-p 00000000 00:00 0 
b7749000-b7753000 r-xp 00000000 08:06 5916868    /lib/i386-linux-gnu/libnss_nis-2.17.so
b7753000-b7754000 r--p 00009000 08:06 5916868    /lib/i386-linux-gnu/libnss_nis-2.17.so
b7754000-b7755000 rw-p 0000a000 08:06 5916868    /lib/i386-linux-gnu/libnss_nis-2.17.so
b7755000-b775c000 r-xp 00000000 08:06 5916858    /lib/i386-linux-gnu/libnss_compat-2.17.so
b775c000-b775d000 r--p 00006000 08:06 5916858    /lib/i386-linux-gnu/libnss_compat-2.17.so
b775d000-b775e000 rw-p 00007000 08:06 5916858    /lib/i386-linux-gnu/libnss_compat-2.17.so
b775e000-b775f000 rw-p 00000000 00:00 0 
b775f000-b7760000 r--p 00000000 00:00 0 
b7760000-b776b000 r-xp 00000000 08:06 1198404    /usr/local/java/jre1.7.0_10/lib/i386/libverify.so
b776b000-b776c000 rw-p 0000b000 08:06 1198404    /usr/local/java/jre1.7.0_10/lib/i386/libverify.so
b776c000-b776e000 rw-p 00000000 00:00 0 
b776e000-b776f000 r-xp 00000000 00:00 0          [vdso]
b776f000-b778f000 r-xp 00000000 08:06 5916866    /lib/i386-linux-gnu/ld-2.17.so
b778f000-b7790000 r--p 0001f000 08:06 5916866    /lib/i386-linux-gnu/ld-2.17.so
b7790000-b7791000 rw-p 00020000 08:06 5916866    /lib/i386-linux-gnu/ld-2.17.so
bf9ea000-bfa0b000 rw-p 00000000 00:00 0          [stack]

VM Arguments:
jvm_args: -Dfile.encoding=UTF-8 -Xbootclasspath:/home/jpdarago/Documents/SegInf/sdk/platforms/android-19/android.jar 
java_command: com.example.ransomwarer.RansomwareHandler
Launcher Type: SUN_STANDARD

Environment Variables:
JAVA_HOME=/usr/local/java/jdk1.7.0_10
JRE_HOME=/usr/local/java/jre1.7.0_10
PATH=/home/jpdarago/bochs/bin:/home/jpdarago/bin:/usr/lib/lightdm/lightdm:/usr/local/sbin:/usr/local/bin:/usr/sbin:/usr/bin:/sbin:/bin:/usr/games:/usr/local/games:/home/jpdarago/bin:/usr/local/java/jdk1.7.0_10/bin:/home/jpdarago/bin:/usr/local/java/jre1.7.0_10/bin
LD_LIBRARY_PATH=/usr/local/java/jre1.7.0_10/lib/i386/server:/usr/local/java/jre1.7.0_10/lib/i386:/usr/local/java/jre1.7.0_10/../lib/i386:/usr/local/java/jre1.7.0_10/lib/i386/client:/usr/local/java/jre1.7.0_10/lib/i386:
SHELL=/usr/bin/zsh
DISPLAY=:0.0

Signal Handlers:
SIGSEGV: [libjvm.so+0x720eb0], sa_mask[0]=0x7ffbfeff, sa_flags=0x10000004
SIGBUS: [libjvm.so+0x720eb0], sa_mask[0]=0x7ffbfeff, sa_flags=0x10000004
SIGFPE: [libjvm.so+0x5d9d00], sa_mask[0]=0x7ffbfeff, sa_flags=0x10000004
SIGPIPE: [libjvm.so+0x5d9d00], sa_mask[0]=0x7ffbfeff, sa_flags=0x10000004
SIGXFSZ: [libjvm.so+0x5d9d00], sa_mask[0]=0x7ffbfeff, sa_flags=0x10000004
SIGILL: [libjvm.so+0x5d9d00], sa_mask[0]=0x7ffbfeff, sa_flags=0x10000004
SIGUSR1: SIG_DFL, sa_mask[0]=0x00000000, sa_flags=0x00000000
SIGUSR2: [libjvm.so+0x5d95e0], sa_mask[0]=0x00000004, sa_flags=0x10000004
SIGHUP: SIG_DFL, sa_mask[0]=0x00000000, sa_flags=0x00000000
SIGINT: SIG_DFL, sa_mask[0]=0x00000000, sa_flags=0x00000000
SIGTERM: SIG_DFL, sa_mask[0]=0x00000000, sa_flags=0x00000000
SIGQUIT: SIG_DFL, sa_mask[0]=0x00000000, sa_flags=0x00000000


---------------  S Y S T E M  ---------------

OS:wheezy/sid

uname:Linux 3.8.0-33-generic #48-Ubuntu SMP Wed Oct 23 17:26:34 UTC 2013 i686
libc:glibc 2.17 NPTL 2.17 
rlimit: STACK 8192k, CORE 0k, NPROC 21946, NOFILE 4096, AS infinity
load average:0.29 0.54 0.48

/proc/meminfo:
MemTotal:        2825704 kB
MemFree:          192084 kB
Buffers:           71848 kB
Cached:           599148 kB
SwapCached:         8036 kB
Active:          1509136 kB
Inactive:         969740 kB
Active(anon):    1301460 kB
Inactive(anon):   705524 kB
Active(file):     207676 kB
Inactive(file):   264216 kB
Unevictable:          48 kB
Mlocked:              48 kB
HighTotal:       1952256 kB
HighFree:          24552 kB
LowTotal:         873448 kB
LowFree:          167532 kB
SwapTotal:       5723128 kB
SwapFree:        5682504 kB
Dirty:               312 kB
Writeback:             0 kB
AnonPages:       1800156 kB
Mapped:           175832 kB
Shmem:            199016 kB
Slab:             114368 kB
SReclaimable:      94984 kB
SUnreclaim:        19384 kB
KernelStack:        4720 kB
PageTables:        18828 kB
NFS_Unstable:          0 kB
Bounce:                0 kB
WritebackTmp:          0 kB
CommitLimit:     7135980 kB
Committed_AS:    6068160 kB
VmallocTotal:     122880 kB
VmallocUsed:       16360 kB
VmallocChunk:     104276 kB
HardwareCorrupted:     0 kB
AnonHugePages:         0 kB
HugePages_Total:       0
HugePages_Free:        0
HugePages_Rsvd:        0
HugePages_Surp:        0
Hugepagesize:       2048 kB
DirectMap4k:       10232 kB
DirectMap2M:      903168 kB


CPU:total 2 (2 cores per cpu, 1 threads per core) family 6 model 37 stepping 5, cmov, cx8, fxsr, mmx, sse, sse2, sse3, ssse3, popcnt, tsc, tscinvbit

/proc/cpuinfo:
processor	: 0
vendor_id	: GenuineIntel
cpu family	: 6
model		: 37
model name	: Intel(R) Pentium(R) CPU        P6100  @ 2.00GHz
stepping	: 5
microcode	: 0x2
cpu MHz		: 933.000
cache size	: 3072 KB
physical id	: 0
siblings	: 2
core id		: 0
cpu cores	: 2
apicid		: 0
initial apicid	: 0
fdiv_bug	: no
hlt_bug		: no
f00f_bug	: no
coma_bug	: no
fpu		: yes
fpu_exception	: yes
cpuid level	: 11
wp		: yes
flags		: fpu vme de pse tsc msr pae mce cx8 apic sep mtrr pge mca cmov pat pse36 clflush dts acpi mmx fxsr sse sse2 ss ht tm pbe nx rdtscp lm constant_tsc arch_perfmon pebs bts xtopology nonstop_tsc aperfmperf pni dtes64 monitor ds_cpl est tm2 ssse3 cx16 xtpr pdcm pcid popcnt lahf_lm arat dtherm
bogomips	: 3990.01
clflush size	: 64
cache_alignment	: 64
address sizes	: 36 bits physical, 48 bits virtual
power management:

processor	: 1
vendor_id	: GenuineIntel
cpu family	: 6
model		: 37
model name	: Intel(R) Pentium(R) CPU        P6100  @ 2.00GHz
stepping	: 5
microcode	: 0x2
cpu MHz		: 1866.000
cache size	: 3072 KB
physical id	: 0
siblings	: 2
core id		: 2
cpu cores	: 2
apicid		: 4
initial apicid	: 4
fdiv_bug	: no
hlt_bug		: no
f00f_bug	: no
coma_bug	: no
fpu		: yes
fpu_exception	: yes
cpuid level	: 11
wp		: yes
flags		: fpu vme de pse tsc msr pae mce cx8 apic sep mtrr pge mca cmov pat pse36 clflush dts acpi mmx fxsr sse sse2 ss ht tm pbe nx rdtscp lm constant_tsc arch_perfmon pebs bts xtopology nonstop_tsc aperfmperf pni dtes64 monitor ds_cpl est tm2 ssse3 cx16 xtpr pdcm pcid popcnt lahf_lm arat dtherm
bogomips	: 3990.01
clflush size	: 64
cache_alignment	: 64
address sizes	: 36 bits physical, 48 bits virtual
power management:



Memory: 4k page, physical 2825704k(192084k free), swap 5723128k(5682504k free)

vm_info: Java HotSpot(TM) Server VM (23.6-b04) for linux-x86 JRE (1.7.0_10-b18), built on Nov 28 2012 04:28:35 by "java_re" with gcc 4.3.0 20080428 (Red Hat 4.3.0-8)

time: Thu Nov 28 12:17:12 2013
elapsed time: 0 seconds

